<?xml version="1.0" encoding="UTF-8"?>
<!-- Generated by org.testng.reporters.JUnitXMLReporter -->
<testsuite hostname="LAPTOP-I5KJTG5H" ignored="0" name="Default test" tests="1" failures="1" timestamp="2021-04-11T11:06:16 IST" time="2.863" errors="0">
  <testcase name="APITest" time="2.824" classname="SmallCaseTest.APITest">
    <failure type="java.lang.AssertionError" message="1 expectation failed.
Response body doesn&amp;apos;t match expectation.
Expected: The content to match the given JSON schema.
warning: the following keywords are unknown and will be ignored: [$id, examples]
    level: &amp;quot;warning&amp;quot;
    schema: {&amp;quot;loadingURI&amp;quot;:&amp;quot;#&amp;quot;,&amp;quot;pointer&amp;quot;:&amp;quot;&amp;quot;}
    domain: &amp;quot;syntax&amp;quot;
    ignored: [&amp;quot;$id&amp;quot;,&amp;quot;examples&amp;quot;]
warning: the following keywords are unknown and will be ignored: [$id]
    level: &amp;quot;warning&amp;quot;
    schema: {&amp;quot;loadingURI&amp;quot;:&amp;quot;#&amp;quot;,&amp;quot;pointer&amp;quot;:&amp;quot;/properties/books&amp;quot;}
    domain: &amp;quot;syntax&amp;quot;
    ignored: [&amp;quot;$id&amp;quot;]
warning: the following keywords are unknown and will be ignored: [$id]
    level: &amp;quot;warning&amp;quot;
    schema: {&amp;quot;loadingURI&amp;quot;:&amp;quot;#&amp;quot;,&amp;quot;pointer&amp;quot;:&amp;quot;/properties/books/items&amp;quot;}
    domain: &amp;quot;syntax&amp;quot;
    ignored: [&amp;quot;$id&amp;quot;]
warning: the following keywords are unknown and will be ignored: [$id]
    level: &amp;quot;warning&amp;quot;
    schema: {&amp;quot;loadingURI&amp;quot;:&amp;quot;#&amp;quot;,&amp;quot;pointer&amp;quot;:&amp;quot;/properties/books/items/anyOf/0&amp;quot;}
    domain: &amp;quot;syntax&amp;quot;
    ignored: [&amp;quot;$id&amp;quot;]
warning: the following keywords are unknown and will be ignored: [$id, examples]
    level: &amp;quot;warning&amp;quot;
    schema: {&amp;quot;loadingURI&amp;quot;:&amp;quot;#&amp;quot;,&amp;quot;pointer&amp;quot;:&amp;quot;/properties/books/items/anyOf/0/properties/author&amp;quot;}
    domain: &amp;quot;syntax&amp;quot;
    ignored: [&amp;quot;$id&amp;quot;,&amp;quot;examples&amp;quot;]
warning: the following keywords are unknown and will be ignored: [$id, examples]
    level: &amp;quot;warning&amp;quot;
    schema: {&amp;quot;loadingURI&amp;quot;:&amp;quot;#&amp;quot;,&amp;quot;pointer&amp;quot;:&amp;quot;/properties/books/items/anyOf/0/properties/description&amp;quot;}
    domain: &amp;quot;syntax&amp;quot;
    ignored: [&amp;quot;$id&amp;quot;,&amp;quot;examples&amp;quot;]
warning: the following keywords are unknown and will be ignored: [$id, examples]
    level: &amp;quot;warning&amp;quot;
    schema: {&amp;quot;loadingURI&amp;quot;:&amp;quot;#&amp;quot;,&amp;quot;pointer&amp;quot;:&amp;quot;/properties/books/items/anyOf/0/properties/isbn&amp;quot;}
    domain: &amp;quot;syntax&amp;quot;
    ignored: [&amp;quot;$id&amp;quot;,&amp;quot;examples&amp;quot;]
warning: the following keywords are unknown and will be ignored: [$id, examples]
    level: &amp;quot;warning&amp;quot;
    schema: {&amp;quot;loadingURI&amp;quot;:&amp;quot;#&amp;quot;,&amp;quot;pointer&amp;quot;:&amp;quot;/properties/books/items/anyOf/0/properties/pages&amp;quot;}
    domain: &amp;quot;syntax&amp;quot;
    ignored: [&amp;quot;$id&amp;quot;,&amp;quot;examples&amp;quot;]
warning: the following keywords are unknown and will be ignored: [$id, examples]
    level: &amp;quot;warning&amp;quot;
    schema: {&amp;quot;loadingURI&amp;quot;:&amp;quot;#&amp;quot;,&amp;quot;pointer&amp;quot;:&amp;quot;/properties/books/items/anyOf/0/properties/publish_date&amp;quot;}
    domain: &amp;quot;syntax&amp;quot;
    ignored: [&amp;quot;$id&amp;quot;,&amp;quot;examples&amp;quot;]
warning: the following keywords are unknown and will be ignored: [$id, examples]
    level: &amp;quot;warning&amp;quot;
    schema: {&amp;quot;loadingURI&amp;quot;:&amp;quot;#&amp;quot;,&amp;quot;pointer&amp;quot;:&amp;quot;/properties/books/items/anyOf/0/properties/publisher&amp;quot;}
    domain: &amp;quot;syntax&amp;quot;
    ignored: [&amp;quot;$id&amp;quot;,&amp;quot;examples&amp;quot;]
warning: the following keywords are unknown and will be ignored: [$id, examples]
    level: &amp;quot;warning&amp;quot;
    schema: {&amp;quot;loadingURI&amp;quot;:&amp;quot;#&amp;quot;,&amp;quot;pointer&amp;quot;:&amp;quot;/properties/books/items/anyOf/0/properties/subTitle&amp;quot;}
    domain: &amp;quot;syntax&amp;quot;
    ignored: [&amp;quot;$id&amp;quot;,&amp;quot;examples&amp;quot;]
warning: the following keywords are unknown and will be ignored: [$id, examples]
    level: &amp;quot;warning&amp;quot;
    schema: {&amp;quot;loadingURI&amp;quot;:&amp;quot;#&amp;quot;,&amp;quot;pointer&amp;quot;:&amp;quot;/properties/books/items/anyOf/0/properties/title&amp;quot;}
    domain: &amp;quot;syntax&amp;quot;
    ignored: [&amp;quot;$id&amp;quot;,&amp;quot;examples&amp;quot;]
warning: the following keywords are unknown and will be ignored: [$id, examples]
    level: &amp;quot;warning&amp;quot;
    schema: {&amp;quot;loadingURI&amp;quot;:&amp;quot;#&amp;quot;,&amp;quot;pointer&amp;quot;:&amp;quot;/properties/books/items/anyOf/0/properties/website&amp;quot;}
    domain: &amp;quot;syntax&amp;quot;
    ignored: [&amp;quot;$id&amp;quot;,&amp;quot;examples&amp;quot;]
warning: the following keywords are unknown and will be ignored: [$id]
    level: &amp;quot;warning&amp;quot;
    schema: {&amp;quot;loadingURI&amp;quot;:&amp;quot;#&amp;quot;,&amp;quot;pointer&amp;quot;:&amp;quot;/properties/books&amp;quot;}
    domain: &amp;quot;syntax&amp;quot;
    ignored: [&amp;quot;$id&amp;quot;]
warning: the following keywords are unknown and will be ignored: [$id]
    level: &amp;quot;warning&amp;quot;
    schema: {&amp;quot;loadingURI&amp;quot;:&amp;quot;#&amp;quot;,&amp;quot;pointer&amp;quot;:&amp;quot;/properties/books/items&amp;quot;}
    domain: &amp;quot;syntax&amp;quot;
    ignored: [&amp;quot;$id&amp;quot;]
warning: the following keywords are unknown and will be ignored: [$id]
    level: &amp;quot;warning&amp;quot;
    schema: {&amp;quot;loadingURI&amp;quot;:&amp;quot;#&amp;quot;,&amp;quot;pointer&amp;quot;:&amp;quot;/properties/books/items/anyOf/0&amp;quot;}
    domain: &amp;quot;syntax&amp;quot;
    ignored: [&amp;quot;$id&amp;quot;]
warning: the following keywords are unknown and will be ignored: [$id, examples]
    level: &amp;quot;warning&amp;quot;
    schema: {&amp;quot;loadingURI&amp;quot;:&amp;quot;#&amp;quot;,&amp;quot;pointer&amp;quot;:&amp;quot;/properties/books/items/anyOf/0/properties/author&amp;quot;}
    domain: &amp;quot;syntax&amp;quot;
    ignored: [&amp;quot;$id&amp;quot;,&amp;quot;examples&amp;quot;]
warning: the following keywords are unknown and will be ignored: [$id, examples]
    level: &amp;quot;warning&amp;quot;
    schema: {&amp;quot;loadingURI&amp;quot;:&amp;quot;#&amp;quot;,&amp;quot;pointer&amp;quot;:&amp;quot;/properties/books/items/anyOf/0/properties/description&amp;quot;}
    domain: &amp;quot;syntax&amp;quot;
    ignored: [&amp;quot;$id&amp;quot;,&amp;quot;examples&amp;quot;]
warning: the following keywords are unknown and will be ignored: [$id, examples]
    level: &amp;quot;warning&amp;quot;
    schema: {&amp;quot;loadingURI&amp;quot;:&amp;quot;#&amp;quot;,&amp;quot;pointer&amp;quot;:&amp;quot;/properties/books/items/anyOf/0/properties/isbn&amp;quot;}
    domain: &amp;quot;syntax&amp;quot;
    ignored: [&amp;quot;$id&amp;quot;,&amp;quot;examples&amp;quot;]
warning: the following keywords are unknown and will be ignored: [$id, examples]
    level: &amp;quot;warning&amp;quot;
    schema: {&amp;quot;loadingURI&amp;quot;:&amp;quot;#&amp;quot;,&amp;quot;pointer&amp;quot;:&amp;quot;/properties/books/items/anyOf/0/properties/pages&amp;quot;}
    domain: &amp;quot;syntax&amp;quot;
    ignored: [&amp;quot;$id&amp;quot;,&amp;quot;examples&amp;quot;]
warning: the following keywords are unknown and will be ignored: [$id, examples]
    level: &amp;quot;warning&amp;quot;
    schema: {&amp;quot;loadingURI&amp;quot;:&amp;quot;#&amp;quot;,&amp;quot;pointer&amp;quot;:&amp;quot;/properties/books/items/anyOf/0/properties/publish_date&amp;quot;}
    domain: &amp;quot;syntax&amp;quot;
    ignored: [&amp;quot;$id&amp;quot;,&amp;quot;examples&amp;quot;]
warning: the following keywords are unknown and will be ignored: [$id, examples]
    level: &amp;quot;warning&amp;quot;
    schema: {&amp;quot;loadingURI&amp;quot;:&amp;quot;#&amp;quot;,&amp;quot;pointer&amp;quot;:&amp;quot;/properties/books/items/anyOf/0/properties/publisher&amp;quot;}
    domain: &amp;quot;syntax&amp;quot;
    ignored: [&amp;quot;$id&amp;quot;,&amp;quot;examples&amp;quot;]
warning: the following keywords are unknown and will be ignored: [$id, examples]
    level: &amp;quot;warning&amp;quot;
    schema: {&amp;quot;loadingURI&amp;quot;:&amp;quot;#&amp;quot;,&amp;quot;pointer&amp;quot;:&amp;quot;/properties/books/items/anyOf/0/properties/subTitle&amp;quot;}
    domain: &amp;quot;syntax&amp;quot;
    ignored: [&amp;quot;$id&amp;quot;,&amp;quot;examples&amp;quot;]
warning: the following keywords are unknown and will be ignored: [$id, examples]
    level: &amp;quot;warning&amp;quot;
    schema: {&amp;quot;loadingURI&amp;quot;:&amp;quot;#&amp;quot;,&amp;quot;pointer&amp;quot;:&amp;quot;/properties/books/items/anyOf/0/properties/title&amp;quot;}
    domain: &amp;quot;syntax&amp;quot;
    ignored: [&amp;quot;$id&amp;quot;,&amp;quot;examples&amp;quot;]
warning: the following keywords are unknown and will be ignored: [$id, examples]
    level: &amp;quot;warning&amp;quot;
    schema: {&amp;quot;loadingURI&amp;quot;:&amp;quot;#&amp;quot;,&amp;quot;pointer&amp;quot;:&amp;quot;/properties/books/items/anyOf/0/properties/website&amp;quot;}
    domain: &amp;quot;syntax&amp;quot;
    ignored: [&amp;quot;$id&amp;quot;,&amp;quot;examples&amp;quot;]
warning: the following keywords are unknown and will be ignored: [$id]
    level: &amp;quot;warning&amp;quot;
    schema: {&amp;quot;loadingURI&amp;quot;:&amp;quot;#&amp;quot;,&amp;quot;pointer&amp;quot;:&amp;quot;/properties/books/items&amp;quot;}
    domain: &amp;quot;syntax&amp;quot;
    ignored: [&amp;quot;$id&amp;quot;]
warning: the following keywords are unknown and will be ignored: [$id]
    level: &amp;quot;warning&amp;quot;
    schema: {&amp;quot;loadingURI&amp;quot;:&amp;quot;#&amp;quot;,&amp;quot;pointer&amp;quot;:&amp;quot;/properties/books/items/anyOf/0&amp;quot;}
    domain: &amp;quot;syntax&amp;quot;
    ignored: [&amp;quot;$id&amp;quot;]
warning: the following keywords are unknown and will be ignored: [$id, examples]
    level: &amp;quot;warning&amp;quot;
    schema: {&amp;quot;loadingURI&amp;quot;:&amp;quot;#&amp;quot;,&amp;quot;pointer&amp;quot;:&amp;quot;/properties/books/items/anyOf/0/properties/author&amp;quot;}
    domain: &amp;quot;syntax&amp;quot;
    ignored: [&amp;quot;$id&amp;quot;,&amp;quot;examples&amp;quot;]
warning: the following keywords are unknown and will be ignored: [$id, examples]
    level: &amp;quot;warning&amp;quot;
    schema: {&amp;quot;loadingURI&amp;quot;:&amp;quot;#&amp;quot;,&amp;quot;pointer&amp;quot;:&amp;quot;/properties/books/items/anyOf/0/properties/description&amp;quot;}
    domain: &amp;quot;syntax&amp;quot;
    ignored: [&amp;quot;$id&amp;quot;,&amp;quot;examples&amp;quot;]
warning: the following keywords are unknown and will be ignored: [$id, examples]
    level: &amp;quot;warning&amp;quot;
    schema: {&amp;quot;loadingURI&amp;quot;:&amp;quot;#&amp;quot;,&amp;quot;pointer&amp;quot;:&amp;quot;/properties/books/items/anyOf/0/properties/isbn&amp;quot;}
    domain: &amp;quot;syntax&amp;quot;
    ignored: [&amp;quot;$id&amp;quot;,&amp;quot;examples&amp;quot;]
warning: the following keywords are unknown and will be ignored: [$id, examples]
    level: &amp;quot;warning&amp;quot;
    schema: {&amp;quot;loadingURI&amp;quot;:&amp;quot;#&amp;quot;,&amp;quot;pointer&amp;quot;:&amp;quot;/properties/books/items/anyOf/0/properties/pages&amp;quot;}
    domain: &amp;quot;syntax&amp;quot;
    ignored: [&amp;quot;$id&amp;quot;,&amp;quot;examples&amp;quot;]
warning: the following keywords are unknown and will be ignored: [$id, examples]
    level: &amp;quot;warning&amp;quot;
    schema: {&amp;quot;loadingURI&amp;quot;:&amp;quot;#&amp;quot;,&amp;quot;pointer&amp;quot;:&amp;quot;/properties/books/items/anyOf/0/properties/publish_date&amp;quot;}
    domain: &amp;quot;syntax&amp;quot;
    ignored: [&amp;quot;$id&amp;quot;,&amp;quot;examples&amp;quot;]
warning: the following keywords are unknown and will be ignored: [$id, examples]
    level: &amp;quot;warning&amp;quot;
    schema: {&amp;quot;loadingURI&amp;quot;:&amp;quot;#&amp;quot;,&amp;quot;pointer&amp;quot;:&amp;quot;/properties/books/items/anyOf/0/properties/publisher&amp;quot;}
    domain: &amp;quot;syntax&amp;quot;
    ignored: [&amp;quot;$id&amp;quot;,&amp;quot;examples&amp;quot;]
warning: the following keywords are unknown and will be ignored: [$id, examples]
    level: &amp;quot;warning&amp;quot;
    schema: {&amp;quot;loadingURI&amp;quot;:&amp;quot;#&amp;quot;,&amp;quot;pointer&amp;quot;:&amp;quot;/properties/books/items/anyOf/0/properties/subTitle&amp;quot;}
    domain: &amp;quot;syntax&amp;quot;
    ignored: [&amp;quot;$id&amp;quot;,&amp;quot;examples&amp;quot;]
warning: the following keywords are unknown and will be ignored: [$id, examples]
    level: &amp;quot;warning&amp;quot;
    schema: {&amp;quot;loadingURI&amp;quot;:&amp;quot;#&amp;quot;,&amp;quot;pointer&amp;quot;:&amp;quot;/properties/books/items/anyOf/0/properties/title&amp;quot;}
    domain: &amp;quot;syntax&amp;quot;
    ignored: [&amp;quot;$id&amp;quot;,&amp;quot;examples&amp;quot;]
warning: the following keywords are unknown and will be ignored: [$id, examples]
    level: &amp;quot;warning&amp;quot;
    schema: {&amp;quot;loadingURI&amp;quot;:&amp;quot;#&amp;quot;,&amp;quot;pointer&amp;quot;:&amp;quot;/properties/books/items/anyOf/0/properties/website&amp;quot;}
    domain: &amp;quot;syntax&amp;quot;
    ignored: [&amp;quot;$id&amp;quot;,&amp;quot;examples&amp;quot;]
error: instance failed to match at least one required schema among 1
    level: &amp;quot;error&amp;quot;
    schema: {&amp;quot;loadingURI&amp;quot;:&amp;quot;#&amp;quot;,&amp;quot;pointer&amp;quot;:&amp;quot;/properties/books/items&amp;quot;}
    instance: {&amp;quot;pointer&amp;quot;:&amp;quot;/books/0&amp;quot;}
    domain: &amp;quot;validation&amp;quot;
    keyword: &amp;quot;anyOf&amp;quot;
    nrSchemas: 1
    reports: {&amp;quot;/properties/books/items/anyOf/0&amp;quot;:[{&amp;quot;level&amp;quot;:&amp;quot;warning&amp;quot;,&amp;quot;schema&amp;quot;:{&amp;quot;loadingURI&amp;quot;:&amp;quot;#&amp;quot;,&amp;quot;pointer&amp;quot;:&amp;quot;/properties/books/items/anyOf/0&amp;quot;},&amp;quot;domain&amp;quot;:&amp;quot;syntax&amp;quot;,&amp;quot;message&amp;quot;:&amp;quot;the following keywords are unknown and will be ignored: [$id]&amp;quot;,&amp;quot;ignored&amp;quot;:[&amp;quot;$id&amp;quot;]},{&amp;quot;level&amp;quot;:&amp;quot;warning&amp;quot;,&amp;quot;schema&amp;quot;:{&amp;quot;loadingURI&amp;quot;:&amp;quot;#&amp;quot;,&amp;quot;pointer&amp;quot;:&amp;quot;/properties/books/items/anyOf/0/properties/author&amp;quot;},&amp;quot;domain&amp;quot;:&amp;quot;syntax&amp;quot;,&amp;quot;message&amp;quot;:&amp;quot;the following keywords are unknown and will be ignored: [$id, examples]&amp;quot;,&amp;quot;ignored&amp;quot;:[&amp;quot;$id&amp;quot;,&amp;quot;examples&amp;quot;]},{&amp;quot;level&amp;quot;:&amp;quot;warning&amp;quot;,&amp;quot;schema&amp;quot;:{&amp;quot;loadingURI&amp;quot;:&amp;quot;#&amp;quot;,&amp;quot;pointer&amp;quot;:&amp;quot;/properties/books/items/anyOf/0/properties/description&amp;quot;},&amp;quot;domain&amp;quot;:&amp;quot;syntax&amp;quot;,&amp;quot;message&amp;quot;:&amp;quot;the following keywords are unknown and will be ignored: [$id, examples]&amp;quot;,&amp;quot;ignored&amp;quot;:[&amp;quot;$id&amp;quot;,&amp;quot;examples&amp;quot;]},{&amp;quot;level&amp;quot;:&amp;quot;warning&amp;quot;,&amp;quot;schema&amp;quot;:{&amp;quot;loadingURI&amp;quot;:&amp;quot;#&amp;quot;,&amp;quot;pointer&amp;quot;:&amp;quot;/properties/books/items/anyOf/0/properties/isbn&amp;quot;},&amp;quot;domain&amp;quot;:&amp;quot;syntax&amp;quot;,&amp;quot;message&amp;quot;:&amp;quot;the following keywords are unknown and will be ignored: [$id, examples]&amp;quot;,&amp;quot;ignored&amp;quot;:[&amp;quot;$id&amp;quot;,&amp;quot;examples&amp;quot;]},{&amp;quot;level&amp;quot;:&amp;quot;warning&amp;quot;,&amp;quot;schema&amp;quot;:{&amp;quot;loadingURI&amp;quot;:&amp;quot;#&amp;quot;,&amp;quot;pointer&amp;quot;:&amp;quot;/properties/books/items/anyOf/0/properties/pages&amp;quot;},&amp;quot;domain&amp;quot;:&amp;quot;syntax&amp;quot;,&amp;quot;message&amp;quot;:&amp;quot;the following keywords are unknown and will be ignored: [$id, examples]&amp;quot;,&amp;quot;ignored&amp;quot;:[&amp;quot;$id&amp;quot;,&amp;quot;examples&amp;quot;]},{&amp;quot;level&amp;quot;:&amp;quot;warning&amp;quot;,&amp;quot;schema&amp;quot;:{&amp;quot;loadingURI&amp;quot;:&amp;quot;#&amp;quot;,&amp;quot;pointer&amp;quot;:&amp;quot;/properties/books/items/anyOf/0/properties/publish_date&amp;quot;},&amp;quot;domain&amp;quot;:&amp;quot;syntax&amp;quot;,&amp;quot;message&amp;quot;:&amp;quot;the following keywords are unknown and will be ignored: [$id, examples]&amp;quot;,&amp;quot;ignored&amp;quot;:[&amp;quot;$id&amp;quot;,&amp;quot;examples&amp;quot;]},{&amp;quot;level&amp;quot;:&amp;quot;warning&amp;quot;,&amp;quot;schema&amp;quot;:{&amp;quot;loadingURI&amp;quot;:&amp;quot;#&amp;quot;,&amp;quot;pointer&amp;quot;:&amp;quot;/properties/books/items/anyOf/0/properties/publisher&amp;quot;},&amp;quot;domain&amp;quot;:&amp;quot;syntax&amp;quot;,&amp;quot;message&amp;quot;:&amp;quot;the following keywords are unknown and will be ignored: [$id, examples]&amp;quot;,&amp;quot;ignored&amp;quot;:[&amp;quot;$id&amp;quot;,&amp;quot;examples&amp;quot;]},{&amp;quot;level&amp;quot;:&amp;quot;warning&amp;quot;,&amp;quot;schema&amp;quot;:{&amp;quot;loadingURI&amp;quot;:&amp;quot;#&amp;quot;,&amp;quot;pointer&amp;quot;:&amp;quot;/properties/books/items/anyOf/0/properties/subTitle&amp;quot;},&amp;quot;domain&amp;quot;:&amp;quot;syntax&amp;quot;,&amp;quot;message&amp;quot;:&amp;quot;the following keywords are unknown and will be ignored: [$id, examples]&amp;quot;,&amp;quot;ignored&amp;quot;:[&amp;quot;$id&amp;quot;,&amp;quot;examples&amp;quot;]},{&amp;quot;level&amp;quot;:&amp;quot;warning&amp;quot;,&amp;quot;schema&amp;quot;:{&amp;quot;loadingURI&amp;quot;:&amp;quot;#&amp;quot;,&amp;quot;pointer&amp;quot;:&amp;quot;/properties/books/items/anyOf/0/properties/title&amp;quot;},&amp;quot;domain&amp;quot;:&amp;quot;syntax&amp;quot;,&amp;quot;message&amp;quot;:&amp;quot;the following keywords are unknown and will be ignored: [$id, examples]&amp;quot;,&amp;quot;ignored&amp;quot;:[&amp;quot;$id&amp;quot;,&amp;quot;examples&amp;quot;]},{&amp;quot;level&amp;quot;:&amp;quot;warning&amp;quot;,&amp;quot;schema&amp;quot;:{&amp;quot;loadingURI&amp;quot;:&amp;quot;#&amp;quot;,&amp;quot;pointer&amp;quot;:&amp;quot;/properties/books/items/anyOf/0/properties/website&amp;quot;},&amp;quot;domain&amp;quot;:&amp;quot;syntax&amp;quot;,&amp;quot;message&amp;quot;:&amp;quot;the following keywords are unknown and will be ignored: [$id, examples]&amp;quot;,&amp;quot;ignored&amp;quot;:[&amp;quot;$id&amp;quot;,&amp;quot;examples&amp;quot;]},{&amp;quot;level&amp;quot;:&amp;quot;warning&amp;quot;,&amp;quot;schema&amp;quot;:{&amp;quot;loadingURI&amp;quot;:&amp;quot;#&amp;quot;,&amp;quot;pointer&amp;quot;:&amp;quot;/properties/books/items/anyOf/0/properties/author&amp;quot;},&amp;quot;domain&amp;quot;:&amp;quot;syntax&amp;quot;,&amp;quot;message&amp;quot;:&amp;quot;the following keywords are unknown and will be ignored: [$id, examples]&amp;quot;,&amp;quot;ignored&amp;quot;:[&amp;quot;$id&amp;quot;,&amp;quot;examples&amp;quot;]},{&amp;quot;level&amp;quot;:&amp;quot;warning&amp;quot;,&amp;quot;schema&amp;quot;:{&amp;quot;loadingURI&amp;quot;:&amp;quot;#&amp;quot;,&amp;quot;pointer&amp;quot;:&amp;quot;/properties/books/items/anyOf/0/properties/description&amp;quot;},&amp;quot;domain&amp;quot;:&amp;quot;syntax&amp;quot;,&amp;quot;message&amp;quot;:&amp;quot;the following keywords are unknown and will be ignored: [$id, examples]&amp;quot;,&amp;quot;ignored&amp;quot;:[&amp;quot;$id&amp;quot;,&amp;quot;examples&amp;quot;]},{&amp;quot;level&amp;quot;:&amp;quot;warning&amp;quot;,&amp;quot;schema&amp;quot;:{&amp;quot;loadingURI&amp;quot;:&amp;quot;#&amp;quot;,&amp;quot;pointer&amp;quot;:&amp;quot;/properties/books/items/anyOf/0/properties/isbn&amp;quot;},&amp;quot;domain&amp;quot;:&amp;quot;syntax&amp;quot;,&amp;quot;message&amp;quot;:&amp;quot;the following keywords are unknown and will be ignored: [$id, examples]&amp;quot;,&amp;quot;ignored&amp;quot;:[&amp;quot;$id&amp;quot;,&amp;quot;examples&amp;quot;]},{&amp;quot;level&amp;quot;:&amp;quot;warning&amp;quot;,&amp;quot;schema&amp;quot;:{&amp;quot;loadingURI&amp;quot;:&amp;quot;#&amp;quot;,&amp;quot;pointer&amp;quot;:&amp;quot;/properties/books/items/anyOf/0/properties/pages&amp;quot;},&amp;quot;domain&amp;quot;:&amp;quot;syntax&amp;quot;,&amp;quot;message&amp;quot;:&amp;quot;the following keywords are unknown and will be ignored: [$id, examples]&amp;quot;,&amp;quot;ignored&amp;quot;:[&amp;quot;$id&amp;quot;,&amp;quot;examples&amp;quot;]},{&amp;quot;level&amp;quot;:&amp;quot;error&amp;quot;,&amp;quot;schema&amp;quot;:{&amp;quot;loadingURI&amp;quot;:&amp;quot;#&amp;quot;,&amp;quot;pointer&amp;quot;:&amp;quot;/properties/books/items/anyOf/0/properties/pages&amp;quot;},&amp;quot;instance&amp;quot;:{&amp;quot;pointer&amp;quot;:&amp;quot;/books/0/pages&amp;quot;},&amp;quot;domain&amp;quot;:&amp;quot;validation&amp;quot;,&amp;quot;keyword&amp;quot;:&amp;quot;type&amp;quot;,&amp;quot;message&amp;quot;:&amp;quot;instance type (integer) does not match any allowed primitive type (allowed: [\&amp;quot;string\&amp;quot;])&amp;quot;,&amp;quot;found&amp;quot;:&amp;quot;integer&amp;quot;,&amp;quot;expected&amp;quot;:[&amp;quot;string&amp;quot;]},{&amp;quot;level&amp;quot;:&amp;quot;warning&amp;quot;,&amp;quot;schema&amp;quot;:{&amp;quot;loadingURI&amp;quot;:&amp;quot;#&amp;quot;,&amp;quot;pointer&amp;quot;:&amp;quot;/properties/books/items/anyOf/0/properties/publish_date&amp;quot;},&amp;quot;domain&amp;quot;:&amp;quot;syntax&amp;quot;,&amp;quot;message&amp;quot;:&amp;quot;the following keywords are unknown and will be ignored: [$id, examples]&amp;quot;,&amp;quot;ignored&amp;quot;:[&amp;quot;$id&amp;quot;,&amp;quot;examples&amp;quot;]},{&amp;quot;level&amp;quot;:&amp;quot;warning&amp;quot;,&amp;quot;schema&amp;quot;:{&amp;quot;loadingURI&amp;quot;:&amp;quot;#&amp;quot;,&amp;quot;pointer&amp;quot;:&amp;quot;/properties/books/items/anyOf/0/properties/publisher&amp;quot;},&amp;quot;domain&amp;quot;:&amp;quot;syntax&amp;quot;,&amp;quot;message&amp;quot;:&amp;quot;the following keywords are unknown and will be ignored: [$id, examples]&amp;quot;,&amp;quot;ignored&amp;quot;:[&amp;quot;$id&amp;quot;,&amp;quot;examples&amp;quot;]},{&amp;quot;level&amp;quot;:&amp;quot;warning&amp;quot;,&amp;quot;schema&amp;quot;:{&amp;quot;loadingURI&amp;quot;:&amp;quot;#&amp;quot;,&amp;quot;pointer&amp;quot;:&amp;quot;/properties/books/items/anyOf/0/properties/subTitle&amp;quot;},&amp;quot;domain&amp;quot;:&amp;quot;syntax&amp;quot;,&amp;quot;message&amp;quot;:&amp;quot;the following keywords are unknown and will be ignored: [$id, examples]&amp;quot;,&amp;quot;ignored&amp;quot;:[&amp;quot;$id&amp;quot;,&amp;quot;examples&amp;quot;]},{&amp;quot;level&amp;quot;:&amp;quot;warning&amp;quot;,&amp;quot;schema&amp;quot;:{&amp;quot;loadingURI&amp;quot;:&amp;quot;#&amp;quot;,&amp;quot;pointer&amp;quot;:&amp;quot;/properties/books/items/anyOf/0/properties/title&amp;quot;},&amp;quot;domain&amp;quot;:&amp;quot;syntax&amp;quot;,&amp;quot;message&amp;quot;:&amp;quot;the following keywords are unknown and will be ignored: [$id, examples]&amp;quot;,&amp;quot;ignored&amp;quot;:[&amp;quot;$id&amp;quot;,&amp;quot;examples&amp;quot;]},{&amp;quot;level&amp;quot;:&amp;quot;warning&amp;quot;,&amp;quot;schema&amp;quot;:{&amp;quot;loadingURI&amp;quot;:&amp;quot;#&amp;quot;,&amp;quot;pointer&amp;quot;:&amp;quot;/properties/books/items/anyOf/0/properties/website&amp;quot;},&amp;quot;domain&amp;quot;:&amp;quot;syntax&amp;quot;,&amp;quot;message&amp;quot;:&amp;quot;the following keywords are unknown and will be ignored: [$id, examples]&amp;quot;,&amp;quot;ignored&amp;quot;:[&amp;quot;$id&amp;quot;,&amp;quot;examples&amp;quot;]}]}
warning: the following keywords are unknown and will be ignored: [$id]
    level: &amp;quot;warning&amp;quot;
    schema: {&amp;quot;loadingURI&amp;quot;:&amp;quot;#&amp;quot;,&amp;quot;pointer&amp;quot;:&amp;quot;/properties/books/items&amp;quot;}
    domain: &amp;quot;syntax&amp;quot;
    ignored: [&amp;quot;$id&amp;quot;]
warning: the following keywords are unknown and will be ignored: [$id]
    level: &amp;quot;warning&amp;quot;
    schema: {&amp;quot;loadingURI&amp;quot;:&amp;quot;#&amp;quot;,&amp;quot;pointer&amp;quot;:&amp;quot;/properties/books/items/anyOf/0&amp;quot;}
    domain: &amp;quot;syntax&amp;quot;
    ignored: [&amp;quot;$id&amp;quot;]
warning: the following keywords are unknown and will be ignored: [$id, examples]
    level: &amp;quot;warning&amp;quot;
    schema: {&amp;quot;loadingURI&amp;quot;:&amp;quot;#&amp;quot;,&amp;quot;pointer&amp;quot;:&amp;quot;/properties/books/items/anyOf/0/properties/author&amp;quot;}
    domain: &amp;quot;syntax&amp;quot;
    ignored: [&amp;quot;$id&amp;quot;,&amp;quot;examples&amp;quot;]
warning: the following keywords are unknown and will be ignored: [$id, examples]
    level: &amp;quot;warning&amp;quot;
    schema: {&amp;quot;loadingURI&amp;quot;:&amp;quot;#&amp;quot;,&amp;quot;pointer&amp;quot;:&amp;quot;/properties/books/items/anyOf/0/properties/description&amp;quot;}
    domain: &amp;quot;syntax&amp;quot;
    ignored: [&amp;quot;$id&amp;quot;,&amp;quot;examples&amp;quot;]
warning: the following keywords are unknown and will be ignored: [$id, examples]
    level: &amp;quot;warning&amp;quot;
    schema: {&amp;quot;loadingURI&amp;quot;:&amp;quot;#&amp;quot;,&amp;quot;pointer&amp;quot;:&amp;quot;/properties/books/items/anyOf/0/properties/isbn&amp;quot;}
    domain: &amp;quot;syntax&amp;quot;
    ignored: [&amp;quot;$id&amp;quot;,&amp;quot;examples&amp;quot;]
warning: the following keywords are unknown and will be ignored: [$id, examples]
    level: &amp;quot;warning&amp;quot;
    schema: {&amp;quot;loadingURI&amp;quot;:&amp;quot;#&amp;quot;,&amp;quot;pointer&amp;quot;:&amp;quot;/properties/books/items/anyOf/0/properties/pages&amp;quot;}
    domain: &amp;quot;syntax&amp;quot;
    ignored: [&amp;quot;$id&amp;quot;,&amp;quot;examples&amp;quot;]
warning: the following keywords are unknown and will be ignored: [$id, examples]
    level: &amp;quot;warning&amp;quot;
    schema: {&amp;quot;loadingURI&amp;quot;:&amp;quot;#&amp;quot;,&amp;quot;pointer&amp;quot;:&amp;quot;/properties/books/items/anyOf/0/properties/publish_date&amp;quot;}
    domain: &amp;quot;syntax&amp;quot;
    ignored: [&amp;quot;$id&amp;quot;,&amp;quot;examples&amp;quot;]
warning: the following keywords are unknown and will be ignored: [$id, examples]
    level: &amp;quot;warning&amp;quot;
    schema: {&amp;quot;loadingURI&amp;quot;:&amp;quot;#&amp;quot;,&amp;quot;pointer&amp;quot;:&amp;quot;/properties/books/items/anyOf/0/properties/publisher&amp;quot;}
    domain: &amp;quot;syntax&amp;quot;
    ignored: [&amp;quot;$id&amp;quot;,&amp;quot;examples&amp;quot;]
warning: the following keywords are unknown and will be ignored: [$id, examples]
    level: &amp;quot;warning&amp;quot;
    schema: {&amp;quot;loadingURI&amp;quot;:&amp;quot;#&amp;quot;,&amp;quot;pointer&amp;quot;:&amp;quot;/properties/books/items/anyOf/0/properties/subTitle&amp;quot;}
    domain: &amp;quot;syntax&amp;quot;
    ignored: [&amp;quot;$id&amp;quot;,&amp;quot;examples&amp;quot;]
warning: the following keywords are unknown and will be ignored: [$id, examples]
    level: &amp;quot;warning&amp;quot;
    schema: {&amp;quot;loadingURI&amp;quot;:&amp;quot;#&amp;quot;,&amp;quot;pointer&amp;quot;:&amp;quot;/properties/books/items/anyOf/0/properties/title&amp;quot;}
    domain: &amp;quot;syntax&amp;quot;
    ignored: [&amp;quot;$id&amp;quot;,&amp;quot;examples&amp;quot;]
warning: the following keywords are unknown and will be ignored: [$id, examples]
    level: &amp;quot;warning&amp;quot;
    schema: {&amp;quot;loadingURI&amp;quot;:&amp;quot;#&amp;quot;,&amp;quot;pointer&amp;quot;:&amp;quot;/properties/books/items/anyOf/0/properties/website&amp;quot;}
    domain: &amp;quot;syntax&amp;quot;
    ignored: [&amp;quot;$id&amp;quot;,&amp;quot;examples&amp;quot;]
error: instance failed to match at least one required schema among 1
    level: &amp;quot;error&amp;quot;
    schema: {&amp;quot;loadingURI&amp;quot;:&amp;quot;#&amp;quot;,&amp;quot;pointer&amp;quot;:&amp;quot;/properties/books/items&amp;quot;}
    instance: {&amp;quot;pointer&amp;quot;:&amp;quot;/books/1&amp;quot;}
    domain: &amp;quot;validation&amp;quot;
    keyword: &amp;quot;anyOf&amp;quot;
    nrSchemas: 1
    reports: {&amp;quot;/properties/books/items/anyOf/0&amp;quot;:[{&amp;quot;level&amp;quot;:&amp;quot;warning&amp;quot;,&amp;quot;schema&amp;quot;:{&amp;quot;loadingURI&amp;quot;:&amp;quot;#&amp;quot;,&amp;quot;pointer&amp;quot;:&amp;quot;/properties/books/items/anyOf/0&amp;quot;},&amp;quot;domain&amp;quot;:&amp;quot;syntax&amp;quot;,&amp;quot;message&amp;quot;:&amp;quot;the following keywords are unknown and will be ignored: [$id]&amp;quot;,&amp;quot;ignored&amp;quot;:[&amp;quot;$id&amp;quot;]},{&amp;quot;level&amp;quot;:&amp;quot;warning&amp;quot;,&amp;quot;schema&amp;quot;:{&amp;quot;loadingURI&amp;quot;:&amp;quot;#&amp;quot;,&amp;quot;pointer&amp;quot;:&amp;quot;/properties/books/items/anyOf/0/properties/author&amp;quot;},&amp;quot;domain&amp;quot;:&amp;quot;syntax&amp;quot;,&amp;quot;message&amp;quot;:&amp;quot;the following keywords are unknown and will be ignored: [$id, examples]&amp;quot;,&amp;quot;ignored&amp;quot;:[&amp;quot;$id&amp;quot;,&amp;quot;examples&amp;quot;]},{&amp;quot;level&amp;quot;:&amp;quot;warning&amp;quot;,&amp;quot;schema&amp;quot;:{&amp;quot;loadingURI&amp;quot;:&amp;quot;#&amp;quot;,&amp;quot;pointer&amp;quot;:&amp;quot;/properties/books/items/anyOf/0/properties/description&amp;quot;},&amp;quot;domain&amp;quot;:&amp;quot;syntax&amp;quot;,&amp;quot;message&amp;quot;:&amp;quot;the following keywords are unknown and will be ignored: [$id, examples]&amp;quot;,&amp;quot;ignored&amp;quot;:[&amp;quot;$id&amp;quot;,&amp;quot;examples&amp;quot;]},{&amp;quot;level&amp;quot;:&amp;quot;warning&amp;quot;,&amp;quot;schema&amp;quot;:{&amp;quot;loadingURI&amp;quot;:&amp;quot;#&amp;quot;,&amp;quot;pointer&amp;quot;:&amp;quot;/properties/books/items/anyOf/0/properties/isbn&amp;quot;},&amp;quot;domain&amp;quot;:&amp;quot;syntax&amp;quot;,&amp;quot;message&amp;quot;:&amp;quot;the following keywords are unknown and will be ignored: [$id, examples]&amp;quot;,&amp;quot;ignored&amp;quot;:[&amp;quot;$id&amp;quot;,&amp;quot;examples&amp;quot;]},{&amp;quot;level&amp;quot;:&amp;quot;warning&amp;quot;,&amp;quot;schema&amp;quot;:{&amp;quot;loadingURI&amp;quot;:&amp;quot;#&amp;quot;,&amp;quot;pointer&amp;quot;:&amp;quot;/properties/books/items/anyOf/0/properties/pages&amp;quot;},&amp;quot;domain&amp;quot;:&amp;quot;syntax&amp;quot;,&amp;quot;message&amp;quot;:&amp;quot;the following keywords are unknown and will be ignored: [$id, examples]&amp;quot;,&amp;quot;ignored&amp;quot;:[&amp;quot;$id&amp;quot;,&amp;quot;examples&amp;quot;]},{&amp;quot;level&amp;quot;:&amp;quot;warning&amp;quot;,&amp;quot;schema&amp;quot;:{&amp;quot;loadingURI&amp;quot;:&amp;quot;#&amp;quot;,&amp;quot;pointer&amp;quot;:&amp;quot;/properties/books/items/anyOf/0/properties/publish_date&amp;quot;},&amp;quot;domain&amp;quot;:&amp;quot;syntax&amp;quot;,&amp;quot;message&amp;quot;:&amp;quot;the following keywords are unknown and will be ignored: [$id, examples]&amp;quot;,&amp;quot;ignored&amp;quot;:[&amp;quot;$id&amp;quot;,&amp;quot;examples&amp;quot;]},{&amp;quot;level&amp;quot;:&amp;quot;warning&amp;quot;,&amp;quot;schema&amp;quot;:{&amp;quot;loadingURI&amp;quot;:&amp;quot;#&amp;quot;,&amp;quot;pointer&amp;quot;:&amp;quot;/properties/books/items/anyOf/0/properties/publisher&amp;quot;},&amp;quot;domain&amp;quot;:&amp;quot;syntax&amp;quot;,&amp;quot;message&amp;quot;:&amp;quot;the following keywords are unknown and will be ignored: [$id, examples]&amp;quot;,&amp;quot;ignored&amp;quot;:[&amp;quot;$id&amp;quot;,&amp;quot;examples&amp;quot;]},{&amp;quot;level&amp;quot;:&amp;quot;warning&amp;quot;,&amp;quot;schema&amp;quot;:{&amp;quot;loadingURI&amp;quot;:&amp;quot;#&amp;quot;,&amp;quot;pointer&amp;quot;:&amp;quot;/properties/books/items/anyOf/0/properties/subTitle&amp;quot;},&amp;quot;domain&amp;quot;:&amp;quot;syntax&amp;quot;,&amp;quot;message&amp;quot;:&amp;quot;the following keywords are unknown and will be ignored: [$id, examples]&amp;quot;,&amp;quot;ignored&amp;quot;:[&amp;quot;$id&amp;quot;,&amp;quot;examples&amp;quot;]},{&amp;quot;level&amp;quot;:&amp;quot;warning&amp;quot;,&amp;quot;schema&amp;quot;:{&amp;quot;loadingURI&amp;quot;:&amp;quot;#&amp;quot;,&amp;quot;pointer&amp;quot;:&amp;quot;/properties/books/items/anyOf/0/properties/title&amp;quot;},&amp;quot;domain&amp;quot;:&amp;quot;syntax&amp;quot;,&amp;quot;message&amp;quot;:&amp;quot;the following keywords are unknown and will be ignored: [$id, examples]&amp;quot;,&amp;quot;ignored&amp;quot;:[&amp;quot;$id&amp;quot;,&amp;quot;examples&amp;quot;]},{&amp;quot;level&amp;quot;:&amp;quot;warning&amp;quot;,&amp;quot;schema&amp;quot;:{&amp;quot;loadingURI&amp;quot;:&amp;quot;#&amp;quot;,&amp;quot;pointer&amp;quot;:&amp;quot;/properties/books/items/anyOf/0/properties/website&amp;quot;},&amp;quot;domain&amp;quot;:&amp;quot;syntax&amp;quot;,&amp;quot;message&amp;quot;:&amp;quot;the following keywords are unknown and will be ignored: [$id, examples]&amp;quot;,&amp;quot;ignored&amp;quot;:[&amp;quot;$id&amp;quot;,&amp;quot;examples&amp;quot;]},{&amp;quot;level&amp;quot;:&amp;quot;warning&amp;quot;,&amp;quot;schema&amp;quot;:{&amp;quot;loadingURI&amp;quot;:&amp;quot;#&amp;quot;,&amp;quot;pointer&amp;quot;:&amp;quot;/properties/books/items/anyOf/0/properties/author&amp;quot;},&amp;quot;domain&amp;quot;:&amp;quot;syntax&amp;quot;,&amp;quot;message&amp;quot;:&amp;quot;the following keywords are unknown and will be ignored: [$id, examples]&amp;quot;,&amp;quot;ignored&amp;quot;:[&amp;quot;$id&amp;quot;,&amp;quot;examples&amp;quot;]},{&amp;quot;level&amp;quot;:&amp;quot;warning&amp;quot;,&amp;quot;schema&amp;quot;:{&amp;quot;loadingURI&amp;quot;:&amp;quot;#&amp;quot;,&amp;quot;pointer&amp;quot;:&amp;quot;/properties/books/items/anyOf/0/properties/description&amp;quot;},&amp;quot;domain&amp;quot;:&amp;quot;syntax&amp;quot;,&amp;quot;message&amp;quot;:&amp;quot;the following keywords are unknown and will be ignored: [$id, examples]&amp;quot;,&amp;quot;ignored&amp;quot;:[&amp;quot;$id&amp;quot;,&amp;quot;examples&amp;quot;]},{&amp;quot;level&amp;quot;:&amp;quot;warning&amp;quot;,&amp;quot;schema&amp;quot;:{&amp;quot;loadingURI&amp;quot;:&amp;quot;#&amp;quot;,&amp;quot;pointer&amp;quot;:&amp;quot;/properties/books/items/anyOf/0/properties/isbn&amp;quot;},&amp;quot;domain&amp;quot;:&amp;quot;syntax&amp;quot;,&amp;quot;message&amp;quot;:&amp;quot;the following keywords are unknown and will be ignored: [$id, examples]&amp;quot;,&amp;quot;ignored&amp;quot;:[&amp;quot;$id&amp;quot;,&amp;quot;examples&amp;quot;]},{&amp;quot;level&amp;quot;:&amp;quot;warning&amp;quot;,&amp;quot;schema&amp;quot;:{&amp;quot;loadingURI&amp;quot;:&amp;quot;#&amp;quot;,&amp;quot;pointer&amp;quot;:&amp;quot;/properties/books/items/anyOf/0/properties/pages&amp;quot;},&amp;quot;domain&amp;quot;:&amp;quot;syntax&amp;quot;,&amp;quot;message&amp;quot;:&amp;quot;the following keywords are unknown and will be ignored: [$id, examples]&amp;quot;,&amp;quot;ignored&amp;quot;:[&amp;quot;$id&amp;quot;,&amp;quot;examples&amp;quot;]},{&amp;quot;level&amp;quot;:&amp;quot;error&amp;quot;,&amp;quot;schema&amp;quot;:{&amp;quot;loadingURI&amp;quot;:&amp;quot;#&amp;quot;,&amp;quot;pointer&amp;quot;:&amp;quot;/properties/books/items/anyOf/0/properties/pages&amp;quot;},&amp;quot;instance&amp;quot;:{&amp;quot;pointer&amp;quot;:&amp;quot;/books/1/pages&amp;quot;},&amp;quot;domain&amp;quot;:&amp;quot;validation&amp;quot;,&amp;quot;keyword&amp;quot;:&amp;quot;type&amp;quot;,&amp;quot;message&amp;quot;:&amp;quot;instance type (integer) does not match any allowed primitive type (allowed: [\&amp;quot;string\&amp;quot;])&amp;quot;,&amp;quot;found&amp;quot;:&amp;quot;integer&amp;quot;,&amp;quot;expected&amp;quot;:[&amp;quot;string&amp;quot;]},{&amp;quot;level&amp;quot;:&amp;quot;warning&amp;quot;,&amp;quot;schema&amp;quot;:{&amp;quot;loadingURI&amp;quot;:&amp;quot;#&amp;quot;,&amp;quot;pointer&amp;quot;:&amp;quot;/properties/books/items/anyOf/0/properties/publish_date&amp;quot;},&amp;quot;domain&amp;quot;:&amp;quot;syntax&amp;quot;,&amp;quot;message&amp;quot;:&amp;quot;the following keywords are unknown and will be ignored: [$id, examples]&amp;quot;,&amp;quot;ignored&amp;quot;:[&amp;quot;$id&amp;quot;,&amp;quot;examples&amp;quot;]},{&amp;quot;level&amp;quot;:&amp;quot;warning&amp;quot;,&amp;quot;schema&amp;quot;:{&amp;quot;loadingURI&amp;quot;:&amp;quot;#&amp;quot;,&amp;quot;pointer&amp;quot;:&amp;quot;/properties/books/items/anyOf/0/properties/publisher&amp;quot;},&amp;quot;domain&amp;quot;:&amp;quot;syntax&amp;quot;,&amp;quot;message&amp;quot;:&amp;quot;the following keywords are unknown and will be ignored: [$id, examples]&amp;quot;,&amp;quot;ignored&amp;quot;:[&amp;quot;$id&amp;quot;,&amp;quot;examples&amp;quot;]},{&amp;quot;level&amp;quot;:&amp;quot;warning&amp;quot;,&amp;quot;schema&amp;quot;:{&amp;quot;loadingURI&amp;quot;:&amp;quot;#&amp;quot;,&amp;quot;pointer&amp;quot;:&amp;quot;/properties/books/items/anyOf/0/properties/subTitle&amp;quot;},&amp;quot;domain&amp;quot;:&amp;quot;syntax&amp;quot;,&amp;quot;message&amp;quot;:&amp;quot;the following keywords are unknown and will be ignored: [$id, examples]&amp;quot;,&amp;quot;ignored&amp;quot;:[&amp;quot;$id&amp;quot;,&amp;quot;examples&amp;quot;]},{&amp;quot;level&amp;quot;:&amp;quot;warning&amp;quot;,&amp;quot;schema&amp;quot;:{&amp;quot;loadingURI&amp;quot;:&amp;quot;#&amp;quot;,&amp;quot;pointer&amp;quot;:&amp;quot;/properties/books/items/anyOf/0/properties/title&amp;quot;},&amp;quot;domain&amp;quot;:&amp;quot;syntax&amp;quot;,&amp;quot;message&amp;quot;:&amp;quot;the following keywords are unknown and will be ignored: [$id, examples]&amp;quot;,&amp;quot;ignored&amp;quot;:[&amp;quot;$id&amp;quot;,&amp;quot;examples&amp;quot;]},{&amp;quot;level&amp;quot;:&amp;quot;warning&amp;quot;,&amp;quot;schema&amp;quot;:{&amp;quot;loadingURI&amp;quot;:&amp;quot;#&amp;quot;,&amp;quot;pointer&amp;quot;:&amp;quot;/properties/books/items/anyOf/0/properties/website&amp;quot;},&amp;quot;domain&amp;quot;:&amp;quot;syntax&amp;quot;,&amp;quot;message&amp;quot;:&amp;quot;the following keywords are unknown and will be ignored: [$id, examples]&amp;quot;,&amp;quot;ignored&amp;quot;:[&amp;quot;$id&amp;quot;,&amp;quot;examples&amp;quot;]}]}
warning: the following keywords are unknown and will be ignored: [$id]
    level: &amp;quot;warning&amp;quot;
    schema: {&amp;quot;loadingURI&amp;quot;:&amp;quot;#&amp;quot;,&amp;quot;pointer&amp;quot;:&amp;quot;/properties/books/items&amp;quot;}
    domain: &amp;quot;syntax&amp;quot;
    ignored: [&amp;quot;$id&amp;quot;]
warning: the following keywords are unknown and will be ignored: [$id]
    level: &amp;quot;warning&amp;quot;
    schema: {&amp;quot;loadingURI&amp;quot;:&amp;quot;#&amp;quot;,&amp;quot;pointer&amp;quot;:&amp;quot;/properties/books/items/anyOf/0&amp;quot;}
    domain: &amp;quot;syntax&amp;quot;
    ignored: [&amp;quot;$id&amp;quot;]
warning: the following keywords are unknown and will be ignored: [$id, examples]
    level: &amp;quot;warning&amp;quot;
    schema: {&amp;quot;loadingURI&amp;quot;:&amp;quot;#&amp;quot;,&amp;quot;pointer&amp;quot;:&amp;quot;/properties/books/items/anyOf/0/properties/author&amp;quot;}
    domain: &amp;quot;syntax&amp;quot;
    ignored: [&amp;quot;$id&amp;quot;,&amp;quot;examples&amp;quot;]
warning: the following keywords are unknown and will be ignored: [$id, examples]
    level: &amp;quot;warning&amp;quot;
    schema: {&amp;quot;loadingURI&amp;quot;:&amp;quot;#&amp;quot;,&amp;quot;pointer&amp;quot;:&amp;quot;/properties/books/items/anyOf/0/properties/description&amp;quot;}
    domain: &amp;quot;syntax&amp;quot;
    ignored: [&amp;quot;$id&amp;quot;,&amp;quot;examples&amp;quot;]
warning: the following keywords are unknown and will be ignored: [$id, examples]
    level: &amp;quot;warning&amp;quot;
    schema: {&amp;quot;loadingURI&amp;quot;:&amp;quot;#&amp;quot;,&amp;quot;pointer&amp;quot;:&amp;quot;/properties/books/items/anyOf/0/properties/isbn&amp;quot;}
    domain: &amp;quot;syntax&amp;quot;
    ignored: [&amp;quot;$id&amp;quot;,&amp;quot;examples&amp;quot;]
warning: the following keywords are unknown and will be ignored: [$id, examples]
    level: &amp;quot;warning&amp;quot;
    schema: {&amp;quot;loadingURI&amp;quot;:&amp;quot;#&amp;quot;,&amp;quot;pointer&amp;quot;:&amp;quot;/properties/books/items/anyOf/0/properties/pages&amp;quot;}
    domain: &amp;quot;syntax&amp;quot;
    ignored: [&amp;quot;$id&amp;quot;,&amp;quot;examples&amp;quot;]
warning: the following keywords are unknown and will be ignored: [$id, examples]
    level: &amp;quot;warning&amp;quot;
    schema: {&amp;quot;loadingURI&amp;quot;:&amp;quot;#&amp;quot;,&amp;quot;pointer&amp;quot;:&amp;quot;/properties/books/items/anyOf/0/properties/publish_date&amp;quot;}
    domain: &amp;quot;syntax&amp;quot;
    ignored: [&amp;quot;$id&amp;quot;,&amp;quot;examples&amp;quot;]
warning: the following keywords are unknown and will be ignored: [$id, examples]
    level: &amp;quot;warning&amp;quot;
    schema: {&amp;quot;loadingURI&amp;quot;:&amp;quot;#&amp;quot;,&amp;quot;pointer&amp;quot;:&amp;quot;/properties/books/items/anyOf/0/properties/publisher&amp;quot;}
    domain: &amp;quot;syntax&amp;quot;
    ignored: [&amp;quot;$id&amp;quot;,&amp;quot;examples&amp;quot;]
warning: the following keywords are unknown and will be ignored: [$id, examples]
    level: &amp;quot;warning&amp;quot;
    schema: {&amp;quot;loadingURI&amp;quot;:&amp;quot;#&amp;quot;,&amp;quot;pointer&amp;quot;:&amp;quot;/properties/books/items/anyOf/0/properties/subTitle&amp;quot;}
    domain: &amp;quot;syntax&amp;quot;
    ignored: [&amp;quot;$id&amp;quot;,&amp;quot;examples&amp;quot;]
warning: the following keywords are unknown and will be ignored: [$id, examples]
    level: &amp;quot;warning&amp;quot;
    schema: {&amp;quot;loadingURI&amp;quot;:&amp;quot;#&amp;quot;,&amp;quot;pointer&amp;quot;:&amp;quot;/properties/books/items/anyOf/0/properties/title&amp;quot;}
    domain: &amp;quot;syntax&amp;quot;
    ignored: [&amp;quot;$id&amp;quot;,&amp;quot;examples&amp;quot;]
warning: the following keywords are unknown and will be ignored: [$id, examples]
    level: &amp;quot;warning&amp;quot;
    schema: {&amp;quot;loadingURI&amp;quot;:&amp;quot;#&amp;quot;,&amp;quot;pointer&amp;quot;:&amp;quot;/properties/books/items/anyOf/0/properties/website&amp;quot;}
    domain: &amp;quot;syntax&amp;quot;
    ignored: [&amp;quot;$id&amp;quot;,&amp;quot;examples&amp;quot;]
error: instance failed to match at least one required schema among 1
    level: &amp;quot;error&amp;quot;
    schema: {&amp;quot;loadingURI&amp;quot;:&amp;quot;#&amp;quot;,&amp;quot;pointer&amp;quot;:&amp;quot;/properties/books/items&amp;quot;}
    instance: {&amp;quot;pointer&amp;quot;:&amp;quot;/books/2&amp;quot;}
    domain: &amp;quot;validation&amp;quot;
    keyword: &amp;quot;anyOf&amp;quot;
    nrSchemas: 1
    reports: {&amp;quot;/properties/books/items/anyOf/0&amp;quot;:[{&amp;quot;level&amp;quot;:&amp;quot;warning&amp;quot;,&amp;quot;schema&amp;quot;:{&amp;quot;loadingURI&amp;quot;:&amp;quot;#&amp;quot;,&amp;quot;pointer&amp;quot;:&amp;quot;/properties/books/items/anyOf/0&amp;quot;},&amp;quot;domain&amp;quot;:&amp;quot;syntax&amp;quot;,&amp;quot;message&amp;quot;:&amp;quot;the following keywords are unknown and will be ignored: [$id]&amp;quot;,&amp;quot;ignored&amp;quot;:[&amp;quot;$id&amp;quot;]},{&amp;quot;level&amp;quot;:&amp;quot;warning&amp;quot;,&amp;quot;schema&amp;quot;:{&amp;quot;loadingURI&amp;quot;:&amp;quot;#&amp;quot;,&amp;quot;pointer&amp;quot;:&amp;quot;/properties/books/items/anyOf/0/properties/author&amp;quot;},&amp;quot;domain&amp;quot;:&amp;quot;syntax&amp;quot;,&amp;quot;message&amp;quot;:&amp;quot;the following keywords are unknown and will be ignored: [$id, examples]&amp;quot;,&amp;quot;ignored&amp;quot;:[&amp;quot;$id&amp;quot;,&amp;quot;examples&amp;quot;]},{&amp;quot;level&amp;quot;:&amp;quot;warning&amp;quot;,&amp;quot;schema&amp;quot;:{&amp;quot;loadingURI&amp;quot;:&amp;quot;#&amp;quot;,&amp;quot;pointer&amp;quot;:&amp;quot;/properties/books/items/anyOf/0/properties/description&amp;quot;},&amp;quot;domain&amp;quot;:&amp;quot;syntax&amp;quot;,&amp;quot;message&amp;quot;:&amp;quot;the following keywords are unknown and will be ignored: [$id, examples]&amp;quot;,&amp;quot;ignored&amp;quot;:[&amp;quot;$id&amp;quot;,&amp;quot;examples&amp;quot;]},{&amp;quot;level&amp;quot;:&amp;quot;warning&amp;quot;,&amp;quot;schema&amp;quot;:{&amp;quot;loadingURI&amp;quot;:&amp;quot;#&amp;quot;,&amp;quot;pointer&amp;quot;:&amp;quot;/properties/books/items/anyOf/0/properties/isbn&amp;quot;},&amp;quot;domain&amp;quot;:&amp;quot;syntax&amp;quot;,&amp;quot;message&amp;quot;:&amp;quot;the following keywords are unknown and will be ignored: [$id, examples]&amp;quot;,&amp;quot;ignored&amp;quot;:[&amp;quot;$id&amp;quot;,&amp;quot;examples&amp;quot;]},{&amp;quot;level&amp;quot;:&amp;quot;warning&amp;quot;,&amp;quot;schema&amp;quot;:{&amp;quot;loadingURI&amp;quot;:&amp;quot;#&amp;quot;,&amp;quot;pointer&amp;quot;:&amp;quot;/properties/books/items/anyOf/0/properties/pages&amp;quot;},&amp;quot;domain&amp;quot;:&amp;quot;syntax&amp;quot;,&amp;quot;message&amp;quot;:&amp;quot;the following keywords are unknown and will be ignored: [$id, examples]&amp;quot;,&amp;quot;ignored&amp;quot;:[&amp;quot;$id&amp;quot;,&amp;quot;examples&amp;quot;]},{&amp;quot;level&amp;quot;:&amp;quot;warning&amp;quot;,&amp;quot;schema&amp;quot;:{&amp;quot;loadingURI&amp;quot;:&amp;quot;#&amp;quot;,&amp;quot;pointer&amp;quot;:&amp;quot;/properties/books/items/anyOf/0/properties/publish_date&amp;quot;},&amp;quot;domain&amp;quot;:&amp;quot;syntax&amp;quot;,&amp;quot;message&amp;quot;:&amp;quot;the following keywords are unknown and will be ignored: [$id, examples]&amp;quot;,&amp;quot;ignored&amp;quot;:[&amp;quot;$id&amp;quot;,&amp;quot;examples&amp;quot;]},{&amp;quot;level&amp;quot;:&amp;quot;warning&amp;quot;,&amp;quot;schema&amp;quot;:{&amp;quot;loadingURI&amp;quot;:&amp;quot;#&amp;quot;,&amp;quot;pointer&amp;quot;:&amp;quot;/properties/books/items/anyOf/0/properties/publisher&amp;quot;},&amp;quot;domain&amp;quot;:&amp;quot;syntax&amp;quot;,&amp;quot;message&amp;quot;:&amp;quot;the following keywords are unknown and will be ignored: [$id, examples]&amp;quot;,&amp;quot;ignored&amp;quot;:[&amp;quot;$id&amp;quot;,&amp;quot;examples&amp;quot;]},{&amp;quot;level&amp;quot;:&amp;quot;warning&amp;quot;,&amp;quot;schema&amp;quot;:{&amp;quot;loadingURI&amp;quot;:&amp;quot;#&amp;quot;,&amp;quot;pointer&amp;quot;:&amp;quot;/properties/books/items/anyOf/0/properties/subTitle&amp;quot;},&amp;quot;domain&amp;quot;:&amp;quot;syntax&amp;quot;,&amp;quot;message&amp;quot;:&amp;quot;the following keywords are unknown and will be ignored: [$id, examples]&amp;quot;,&amp;quot;ignored&amp;quot;:[&amp;quot;$id&amp;quot;,&amp;quot;examples&amp;quot;]},{&amp;quot;level&amp;quot;:&amp;quot;warning&amp;quot;,&amp;quot;schema&amp;quot;:{&amp;quot;loadingURI&amp;quot;:&amp;quot;#&amp;quot;,&amp;quot;pointer&amp;quot;:&amp;quot;/properties/books/items/anyOf/0/properties/title&amp;quot;},&amp;quot;domain&amp;quot;:&amp;quot;syntax&amp;quot;,&amp;quot;message&amp;quot;:&amp;quot;the following keywords are unknown and will be ignored: [$id, examples]&amp;quot;,&amp;quot;ignored&amp;quot;:[&amp;quot;$id&amp;quot;,&amp;quot;examples&amp;quot;]},{&amp;quot;level&amp;quot;:&amp;quot;warning&amp;quot;,&amp;quot;schema&amp;quot;:{&amp;quot;loadingURI&amp;quot;:&amp;quot;#&amp;quot;,&amp;quot;pointer&amp;quot;:&amp;quot;/properties/books/items/anyOf/0/properties/website&amp;quot;},&amp;quot;domain&amp;quot;:&amp;quot;syntax&amp;quot;,&amp;quot;message&amp;quot;:&amp;quot;the following keywords are unknown and will be ignored: [$id, examples]&amp;quot;,&amp;quot;ignored&amp;quot;:[&amp;quot;$id&amp;quot;,&amp;quot;examples&amp;quot;]},{&amp;quot;level&amp;quot;:&amp;quot;warning&amp;quot;,&amp;quot;schema&amp;quot;:{&amp;quot;loadingURI&amp;quot;:&amp;quot;#&amp;quot;,&amp;quot;pointer&amp;quot;:&amp;quot;/properties/books/items/anyOf/0/properties/author&amp;quot;},&amp;quot;domain&amp;quot;:&amp;quot;syntax&amp;quot;,&amp;quot;message&amp;quot;:&amp;quot;the following keywords are unknown and will be ignored: [$id, examples]&amp;quot;,&amp;quot;ignored&amp;quot;:[&amp;quot;$id&amp;quot;,&amp;quot;examples&amp;quot;]},{&amp;quot;level&amp;quot;:&amp;quot;warning&amp;quot;,&amp;quot;schema&amp;quot;:{&amp;quot;loadingURI&amp;quot;:&amp;quot;#&amp;quot;,&amp;quot;pointer&amp;quot;:&amp;quot;/properties/books/items/anyOf/0/properties/description&amp;quot;},&amp;quot;domain&amp;quot;:&amp;quot;syntax&amp;quot;,&amp;quot;message&amp;quot;:&amp;quot;the following keywords are unknown and will be ignored: [$id, examples]&amp;quot;,&amp;quot;ignored&amp;quot;:[&amp;quot;$id&amp;quot;,&amp;quot;examples&amp;quot;]},{&amp;quot;level&amp;quot;:&amp;quot;warning&amp;quot;,&amp;quot;schema&amp;quot;:{&amp;quot;loadingURI&amp;quot;:&amp;quot;#&amp;quot;,&amp;quot;pointer&amp;quot;:&amp;quot;/properties/books/items/anyOf/0/properties/isbn&amp;quot;},&amp;quot;domain&amp;quot;:&amp;quot;syntax&amp;quot;,&amp;quot;message&amp;quot;:&amp;quot;the following keywords are unknown and will be ignored: [$id, examples]&amp;quot;,&amp;quot;ignored&amp;quot;:[&amp;quot;$id&amp;quot;,&amp;quot;examples&amp;quot;]},{&amp;quot;level&amp;quot;:&amp;quot;warning&amp;quot;,&amp;quot;schema&amp;quot;:{&amp;quot;loadingURI&amp;quot;:&amp;quot;#&amp;quot;,&amp;quot;pointer&amp;quot;:&amp;quot;/properties/books/items/anyOf/0/properties/pages&amp;quot;},&amp;quot;domain&amp;quot;:&amp;quot;syntax&amp;quot;,&amp;quot;message&amp;quot;:&amp;quot;the following keywords are unknown and will be ignored: [$id, examples]&amp;quot;,&amp;quot;ignored&amp;quot;:[&amp;quot;$id&amp;quot;,&amp;quot;examples&amp;quot;]},{&amp;quot;level&amp;quot;:&amp;quot;error&amp;quot;,&amp;quot;schema&amp;quot;:{&amp;quot;loadingURI&amp;quot;:&amp;quot;#&amp;quot;,&amp;quot;pointer&amp;quot;:&amp;quot;/properties/books/items/anyOf/0/properties/pages&amp;quot;},&amp;quot;instance&amp;quot;:{&amp;quot;pointer&amp;quot;:&amp;quot;/books/2/pages&amp;quot;},&amp;quot;domain&amp;quot;:&amp;quot;validation&amp;quot;,&amp;quot;keyword&amp;quot;:&amp;quot;type&amp;quot;,&amp;quot;message&amp;quot;:&amp;quot;instance type (integer) does not match any allowed primitive type (allowed: [\&amp;quot;string\&amp;quot;])&amp;quot;,&amp;quot;found&amp;quot;:&amp;quot;integer&amp;quot;,&amp;quot;expected&amp;quot;:[&amp;quot;string&amp;quot;]},{&amp;quot;level&amp;quot;:&amp;quot;warning&amp;quot;,&amp;quot;schema&amp;quot;:{&amp;quot;loadingURI&amp;quot;:&amp;quot;#&amp;quot;,&amp;quot;pointer&amp;quot;:&amp;quot;/properties/books/items/anyOf/0/properties/publish_date&amp;quot;},&amp;quot;domain&amp;quot;:&amp;quot;syntax&amp;quot;,&amp;quot;message&amp;quot;:&amp;quot;the following keywords are unknown and will be ignored: [$id, examples]&amp;quot;,&amp;quot;ignored&amp;quot;:[&amp;quot;$id&amp;quot;,&amp;quot;examples&amp;quot;]},{&amp;quot;level&amp;quot;:&amp;quot;warning&amp;quot;,&amp;quot;schema&amp;quot;:{&amp;quot;loadingURI&amp;quot;:&amp;quot;#&amp;quot;,&amp;quot;pointer&amp;quot;:&amp;quot;/properties/books/items/anyOf/0/properties/publisher&amp;quot;},&amp;quot;domain&amp;quot;:&amp;quot;syntax&amp;quot;,&amp;quot;message&amp;quot;:&amp;quot;the following keywords are unknown and will be ignored: [$id, examples]&amp;quot;,&amp;quot;ignored&amp;quot;:[&amp;quot;$id&amp;quot;,&amp;quot;examples&amp;quot;]},{&amp;quot;level&amp;quot;:&amp;quot;warning&amp;quot;,&amp;quot;schema&amp;quot;:{&amp;quot;loadingURI&amp;quot;:&amp;quot;#&amp;quot;,&amp;quot;pointer&amp;quot;:&amp;quot;/properties/books/items/anyOf/0/properties/subTitle&amp;quot;},&amp;quot;domain&amp;quot;:&amp;quot;syntax&amp;quot;,&amp;quot;message&amp;quot;:&amp;quot;the following keywords are unknown and will be ignored: [$id, examples]&amp;quot;,&amp;quot;ignored&amp;quot;:[&amp;quot;$id&amp;quot;,&amp;quot;examples&amp;quot;]},{&amp;quot;level&amp;quot;:&amp;quot;warning&amp;quot;,&amp;quot;schema&amp;quot;:{&amp;quot;loadingURI&amp;quot;:&amp;quot;#&amp;quot;,&amp;quot;pointer&amp;quot;:&amp;quot;/properties/books/items/anyOf/0/properties/title&amp;quot;},&amp;quot;domain&amp;quot;:&amp;quot;syntax&amp;quot;,&amp;quot;message&amp;quot;:&amp;quot;the following keywords are unknown and will be ignored: [$id, examples]&amp;quot;,&amp;quot;ignored&amp;quot;:[&amp;quot;$id&amp;quot;,&amp;quot;examples&amp;quot;]},{&amp;quot;level&amp;quot;:&amp;quot;warning&amp;quot;,&amp;quot;schema&amp;quot;:{&amp;quot;loadingURI&amp;quot;:&amp;quot;#&amp;quot;,&amp;quot;pointer&amp;quot;:&amp;quot;/properties/books/items/anyOf/0/properties/website&amp;quot;},&amp;quot;domain&amp;quot;:&amp;quot;syntax&amp;quot;,&amp;quot;message&amp;quot;:&amp;quot;the following keywords are unknown and will be ignored: [$id, examples]&amp;quot;,&amp;quot;ignored&amp;quot;:[&amp;quot;$id&amp;quot;,&amp;quot;examples&amp;quot;]}]}
warning: the following keywords are unknown and will be ignored: [$id]
    level: &amp;quot;warning&amp;quot;
    schema: {&amp;quot;loadingURI&amp;quot;:&amp;quot;#&amp;quot;,&amp;quot;pointer&amp;quot;:&amp;quot;/properties/books/items&amp;quot;}
    domain: &amp;quot;syntax&amp;quot;
    ignored: [&amp;quot;$id&amp;quot;]
warning: the following keywords are unknown and will be ignored: [$id]
    level: &amp;quot;warning&amp;quot;
    schema: {&amp;quot;loadingURI&amp;quot;:&amp;quot;#&amp;quot;,&amp;quot;pointer&amp;quot;:&amp;quot;/properties/books/items/anyOf/0&amp;quot;}
    domain: &amp;quot;syntax&amp;quot;
    ignored: [&amp;quot;$id&amp;quot;]
warning: the following keywords are unknown and will be ignored: [$id, examples]
    level: &amp;quot;warning&amp;quot;
    schema: {&amp;quot;loadingURI&amp;quot;:&amp;quot;#&amp;quot;,&amp;quot;pointer&amp;quot;:&amp;quot;/properties/books/items/anyOf/0/properties/author&amp;quot;}
    domain: &amp;quot;syntax&amp;quot;
    ignored: [&amp;quot;$id&amp;quot;,&amp;quot;examples&amp;quot;]
warning: the following keywords are unknown and will be ignored: [$id, examples]
    level: &amp;quot;warning&amp;quot;
    schema: {&amp;quot;loadingURI&amp;quot;:&amp;quot;#&amp;quot;,&amp;quot;pointer&amp;quot;:&amp;quot;/properties/books/items/anyOf/0/properties/description&amp;quot;}
    domain: &amp;quot;syntax&amp;quot;
    ignored: [&amp;quot;$id&amp;quot;,&amp;quot;examples&amp;quot;]
warning: the following keywords are unknown and will be ignored: [$id, examples]
    level: &amp;quot;warning&amp;quot;
    schema: {&amp;quot;loadingURI&amp;quot;:&amp;quot;#&amp;quot;,&amp;quot;pointer&amp;quot;:&amp;quot;/properties/books/items/anyOf/0/properties/isbn&amp;quot;}
    domain: &amp;quot;syntax&amp;quot;
    ignored: [&amp;quot;$id&amp;quot;,&amp;quot;examples&amp;quot;]
warning: the following keywords are unknown and will be ignored: [$id, examples]
    level: &amp;quot;warning&amp;quot;
    schema: {&amp;quot;loadingURI&amp;quot;:&amp;quot;#&amp;quot;,&amp;quot;pointer&amp;quot;:&amp;quot;/properties/books/items/anyOf/0/properties/pages&amp;quot;}
    domain: &amp;quot;syntax&amp;quot;
    ignored: [&amp;quot;$id&amp;quot;,&amp;quot;examples&amp;quot;]
warning: the following keywords are unknown and will be ignored: [$id, examples]
    level: &amp;quot;warning&amp;quot;
    schema: {&amp;quot;loadingURI&amp;quot;:&amp;quot;#&amp;quot;,&amp;quot;pointer&amp;quot;:&amp;quot;/properties/books/items/anyOf/0/properties/publish_date&amp;quot;}
    domain: &amp;quot;syntax&amp;quot;
    ignored: [&amp;quot;$id&amp;quot;,&amp;quot;examples&amp;quot;]
warning: the following keywords are unknown and will be ignored: [$id, examples]
    level: &amp;quot;warning&amp;quot;
    schema: {&amp;quot;loadingURI&amp;quot;:&amp;quot;#&amp;quot;,&amp;quot;pointer&amp;quot;:&amp;quot;/properties/books/items/anyOf/0/properties/publisher&amp;quot;}
    domain: &amp;quot;syntax&amp;quot;
    ignored: [&amp;quot;$id&amp;quot;,&amp;quot;examples&amp;quot;]
warning: the following keywords are unknown and will be ignored: [$id, examples]
    level: &amp;quot;warning&amp;quot;
    schema: {&amp;quot;loadingURI&amp;quot;:&amp;quot;#&amp;quot;,&amp;quot;pointer&amp;quot;:&amp;quot;/properties/books/items/anyOf/0/properties/subTitle&amp;quot;}
    domain: &amp;quot;syntax&amp;quot;
    ignored: [&amp;quot;$id&amp;quot;,&amp;quot;examples&amp;quot;]
warning: the following keywords are unknown and will be ignored: [$id, examples]
    level: &amp;quot;warning&amp;quot;
    schema: {&amp;quot;loadingURI&amp;quot;:&amp;quot;#&amp;quot;,&amp;quot;pointer&amp;quot;:&amp;quot;/properties/books/items/anyOf/0/properties/title&amp;quot;}
    domain: &amp;quot;syntax&amp;quot;
    ignored: [&amp;quot;$id&amp;quot;,&amp;quot;examples&amp;quot;]
warning: the following keywords are unknown and will be ignored: [$id, examples]
    level: &amp;quot;warning&amp;quot;
    schema: {&amp;quot;loadingURI&amp;quot;:&amp;quot;#&amp;quot;,&amp;quot;pointer&amp;quot;:&amp;quot;/properties/books/items/anyOf/0/properties/website&amp;quot;}
    domain: &amp;quot;syntax&amp;quot;
    ignored: [&amp;quot;$id&amp;quot;,&amp;quot;examples&amp;quot;]
error: instance failed to match at least one required schema among 1
    level: &amp;quot;error&amp;quot;
    schema: {&amp;quot;loadingURI&amp;quot;:&amp;quot;#&amp;quot;,&amp;quot;pointer&amp;quot;:&amp;quot;/properties/books/items&amp;quot;}
    instance: {&amp;quot;pointer&amp;quot;:&amp;quot;/books/3&amp;quot;}
    domain: &amp;quot;validation&amp;quot;
    keyword: &amp;quot;anyOf&amp;quot;
    nrSchemas: 1
    reports: {&amp;quot;/properties/books/items/anyOf/0&amp;quot;:[{&amp;quot;level&amp;quot;:&amp;quot;warning&amp;quot;,&amp;quot;schema&amp;quot;:{&amp;quot;loadingURI&amp;quot;:&amp;quot;#&amp;quot;,&amp;quot;pointer&amp;quot;:&amp;quot;/properties/books/items/anyOf/0&amp;quot;},&amp;quot;domain&amp;quot;:&amp;quot;syntax&amp;quot;,&amp;quot;message&amp;quot;:&amp;quot;the following keywords are unknown and will be ignored: [$id]&amp;quot;,&amp;quot;ignored&amp;quot;:[&amp;quot;$id&amp;quot;]},{&amp;quot;level&amp;quot;:&amp;quot;warning&amp;quot;,&amp;quot;schema&amp;quot;:{&amp;quot;loadingURI&amp;quot;:&amp;quot;#&amp;quot;,&amp;quot;pointer&amp;quot;:&amp;quot;/properties/books/items/anyOf/0/properties/author&amp;quot;},&amp;quot;domain&amp;quot;:&amp;quot;syntax&amp;quot;,&amp;quot;message&amp;quot;:&amp;quot;the following keywords are unknown and will be ignored: [$id, examples]&amp;quot;,&amp;quot;ignored&amp;quot;:[&amp;quot;$id&amp;quot;,&amp;quot;examples&amp;quot;]},{&amp;quot;level&amp;quot;:&amp;quot;warning&amp;quot;,&amp;quot;schema&amp;quot;:{&amp;quot;loadingURI&amp;quot;:&amp;quot;#&amp;quot;,&amp;quot;pointer&amp;quot;:&amp;quot;/properties/books/items/anyOf/0/properties/description&amp;quot;},&amp;quot;domain&amp;quot;:&amp;quot;syntax&amp;quot;,&amp;quot;message&amp;quot;:&amp;quot;the following keywords are unknown and will be ignored: [$id, examples]&amp;quot;,&amp;quot;ignored&amp;quot;:[&amp;quot;$id&amp;quot;,&amp;quot;examples&amp;quot;]},{&amp;quot;level&amp;quot;:&amp;quot;warning&amp;quot;,&amp;quot;schema&amp;quot;:{&amp;quot;loadingURI&amp;quot;:&amp;quot;#&amp;quot;,&amp;quot;pointer&amp;quot;:&amp;quot;/properties/books/items/anyOf/0/properties/isbn&amp;quot;},&amp;quot;domain&amp;quot;:&amp;quot;syntax&amp;quot;,&amp;quot;message&amp;quot;:&amp;quot;the following keywords are unknown and will be ignored: [$id, examples]&amp;quot;,&amp;quot;ignored&amp;quot;:[&amp;quot;$id&amp;quot;,&amp;quot;examples&amp;quot;]},{&amp;quot;level&amp;quot;:&amp;quot;warning&amp;quot;,&amp;quot;schema&amp;quot;:{&amp;quot;loadingURI&amp;quot;:&amp;quot;#&amp;quot;,&amp;quot;pointer&amp;quot;:&amp;quot;/properties/books/items/anyOf/0/properties/pages&amp;quot;},&amp;quot;domain&amp;quot;:&amp;quot;syntax&amp;quot;,&amp;quot;message&amp;quot;:&amp;quot;the following keywords are unknown and will be ignored: [$id, examples]&amp;quot;,&amp;quot;ignored&amp;quot;:[&amp;quot;$id&amp;quot;,&amp;quot;examples&amp;quot;]},{&amp;quot;level&amp;quot;:&amp;quot;warning&amp;quot;,&amp;quot;schema&amp;quot;:{&amp;quot;loadingURI&amp;quot;:&amp;quot;#&amp;quot;,&amp;quot;pointer&amp;quot;:&amp;quot;/properties/books/items/anyOf/0/properties/publish_date&amp;quot;},&amp;quot;domain&amp;quot;:&amp;quot;syntax&amp;quot;,&amp;quot;message&amp;quot;:&amp;quot;the following keywords are unknown and will be ignored: [$id, examples]&amp;quot;,&amp;quot;ignored&amp;quot;:[&amp;quot;$id&amp;quot;,&amp;quot;examples&amp;quot;]},{&amp;quot;level&amp;quot;:&amp;quot;warning&amp;quot;,&amp;quot;schema&amp;quot;:{&amp;quot;loadingURI&amp;quot;:&amp;quot;#&amp;quot;,&amp;quot;pointer&amp;quot;:&amp;quot;/properties/books/items/anyOf/0/properties/publisher&amp;quot;},&amp;quot;domain&amp;quot;:&amp;quot;syntax&amp;quot;,&amp;quot;message&amp;quot;:&amp;quot;the following keywords are unknown and will be ignored: [$id, examples]&amp;quot;,&amp;quot;ignored&amp;quot;:[&amp;quot;$id&amp;quot;,&amp;quot;examples&amp;quot;]},{&amp;quot;level&amp;quot;:&amp;quot;warning&amp;quot;,&amp;quot;schema&amp;quot;:{&amp;quot;loadingURI&amp;quot;:&amp;quot;#&amp;quot;,&amp;quot;pointer&amp;quot;:&amp;quot;/properties/books/items/anyOf/0/properties/subTitle&amp;quot;},&amp;quot;domain&amp;quot;:&amp;quot;syntax&amp;quot;,&amp;quot;message&amp;quot;:&amp;quot;the following keywords are unknown and will be ignored: [$id, examples]&amp;quot;,&amp;quot;ignored&amp;quot;:[&amp;quot;$id&amp;quot;,&amp;quot;examples&amp;quot;]},{&amp;quot;level&amp;quot;:&amp;quot;warning&amp;quot;,&amp;quot;schema&amp;quot;:{&amp;quot;loadingURI&amp;quot;:&amp;quot;#&amp;quot;,&amp;quot;pointer&amp;quot;:&amp;quot;/properties/books/items/anyOf/0/properties/title&amp;quot;},&amp;quot;domain&amp;quot;:&amp;quot;syntax&amp;quot;,&amp;quot;message&amp;quot;:&amp;quot;the following keywords are unknown and will be ignored: [$id, examples]&amp;quot;,&amp;quot;ignored&amp;quot;:[&amp;quot;$id&amp;quot;,&amp;quot;examples&amp;quot;]},{&amp;quot;level&amp;quot;:&amp;quot;warning&amp;quot;,&amp;quot;schema&amp;quot;:{&amp;quot;loadingURI&amp;quot;:&amp;quot;#&amp;quot;,&amp;quot;pointer&amp;quot;:&amp;quot;/properties/books/items/anyOf/0/properties/website&amp;quot;},&amp;quot;domain&amp;quot;:&amp;quot;syntax&amp;quot;,&amp;quot;message&amp;quot;:&amp;quot;the following keywords are unknown and will be ignored: [$id, examples]&amp;quot;,&amp;quot;ignored&amp;quot;:[&amp;quot;$id&amp;quot;,&amp;quot;examples&amp;quot;]},{&amp;quot;level&amp;quot;:&amp;quot;warning&amp;quot;,&amp;quot;schema&amp;quot;:{&amp;quot;loadingURI&amp;quot;:&amp;quot;#&amp;quot;,&amp;quot;pointer&amp;quot;:&amp;quot;/properties/books/items/anyOf/0/properties/author&amp;quot;},&amp;quot;domain&amp;quot;:&amp;quot;syntax&amp;quot;,&amp;quot;message&amp;quot;:&amp;quot;the following keywords are unknown and will be ignored: [$id, examples]&amp;quot;,&amp;quot;ignored&amp;quot;:[&amp;quot;$id&amp;quot;,&amp;quot;examples&amp;quot;]},{&amp;quot;level&amp;quot;:&amp;quot;warning&amp;quot;,&amp;quot;schema&amp;quot;:{&amp;quot;loadingURI&amp;quot;:&amp;quot;#&amp;quot;,&amp;quot;pointer&amp;quot;:&amp;quot;/properties/books/items/anyOf/0/properties/description&amp;quot;},&amp;quot;domain&amp;quot;:&amp;quot;syntax&amp;quot;,&amp;quot;message&amp;quot;:&amp;quot;the following keywords are unknown and will be ignored: [$id, examples]&amp;quot;,&amp;quot;ignored&amp;quot;:[&amp;quot;$id&amp;quot;,&amp;quot;examples&amp;quot;]},{&amp;quot;level&amp;quot;:&amp;quot;warning&amp;quot;,&amp;quot;schema&amp;quot;:{&amp;quot;loadingURI&amp;quot;:&amp;quot;#&amp;quot;,&amp;quot;pointer&amp;quot;:&amp;quot;/properties/books/items/anyOf/0/properties/isbn&amp;quot;},&amp;quot;domain&amp;quot;:&amp;quot;syntax&amp;quot;,&amp;quot;message&amp;quot;:&amp;quot;the following keywords are unknown and will be ignored: [$id, examples]&amp;quot;,&amp;quot;ignored&amp;quot;:[&amp;quot;$id&amp;quot;,&amp;quot;examples&amp;quot;]},{&amp;quot;level&amp;quot;:&amp;quot;warning&amp;quot;,&amp;quot;schema&amp;quot;:{&amp;quot;loadingURI&amp;quot;:&amp;quot;#&amp;quot;,&amp;quot;pointer&amp;quot;:&amp;quot;/properties/books/items/anyOf/0/properties/pages&amp;quot;},&amp;quot;domain&amp;quot;:&amp;quot;syntax&amp;quot;,&amp;quot;message&amp;quot;:&amp;quot;the following keywords are unknown and will be ignored: [$id, examples]&amp;quot;,&amp;quot;ignored&amp;quot;:[&amp;quot;$id&amp;quot;,&amp;quot;examples&amp;quot;]},{&amp;quot;level&amp;quot;:&amp;quot;error&amp;quot;,&amp;quot;schema&amp;quot;:{&amp;quot;loadingURI&amp;quot;:&amp;quot;#&amp;quot;,&amp;quot;pointer&amp;quot;:&amp;quot;/properties/books/items/anyOf/0/properties/pages&amp;quot;},&amp;quot;instance&amp;quot;:{&amp;quot;pointer&amp;quot;:&amp;quot;/books/3/pages&amp;quot;},&amp;quot;domain&amp;quot;:&amp;quot;validation&amp;quot;,&amp;quot;keyword&amp;quot;:&amp;quot;type&amp;quot;,&amp;quot;message&amp;quot;:&amp;quot;instance type (integer) does not match any allowed primitive type (allowed: [\&amp;quot;string\&amp;quot;])&amp;quot;,&amp;quot;found&amp;quot;:&amp;quot;integer&amp;quot;,&amp;quot;expected&amp;quot;:[&amp;quot;string&amp;quot;]},{&amp;quot;level&amp;quot;:&amp;quot;warning&amp;quot;,&amp;quot;schema&amp;quot;:{&amp;quot;loadingURI&amp;quot;:&amp;quot;#&amp;quot;,&amp;quot;pointer&amp;quot;:&amp;quot;/properties/books/items/anyOf/0/properties/publish_date&amp;quot;},&amp;quot;domain&amp;quot;:&amp;quot;syntax&amp;quot;,&amp;quot;message&amp;quot;:&amp;quot;the following keywords are unknown and will be ignored: [$id, examples]&amp;quot;,&amp;quot;ignored&amp;quot;:[&amp;quot;$id&amp;quot;,&amp;quot;examples&amp;quot;]},{&amp;quot;level&amp;quot;:&amp;quot;warning&amp;quot;,&amp;quot;schema&amp;quot;:{&amp;quot;loadingURI&amp;quot;:&amp;quot;#&amp;quot;,&amp;quot;pointer&amp;quot;:&amp;quot;/properties/books/items/anyOf/0/properties/publisher&amp;quot;},&amp;quot;domain&amp;quot;:&amp;quot;syntax&amp;quot;,&amp;quot;message&amp;quot;:&amp;quot;the following keywords are unknown and will be ignored: [$id, examples]&amp;quot;,&amp;quot;ignored&amp;quot;:[&amp;quot;$id&amp;quot;,&amp;quot;examples&amp;quot;]},{&amp;quot;level&amp;quot;:&amp;quot;warning&amp;quot;,&amp;quot;schema&amp;quot;:{&amp;quot;loadingURI&amp;quot;:&amp;quot;#&amp;quot;,&amp;quot;pointer&amp;quot;:&amp;quot;/properties/books/items/anyOf/0/properties/subTitle&amp;quot;},&amp;quot;domain&amp;quot;:&amp;quot;syntax&amp;quot;,&amp;quot;message&amp;quot;:&amp;quot;the following keywords are unknown and will be ignored: [$id, examples]&amp;quot;,&amp;quot;ignored&amp;quot;:[&amp;quot;$id&amp;quot;,&amp;quot;examples&amp;quot;]},{&amp;quot;level&amp;quot;:&amp;quot;warning&amp;quot;,&amp;quot;schema&amp;quot;:{&amp;quot;loadingURI&amp;quot;:&amp;quot;#&amp;quot;,&amp;quot;pointer&amp;quot;:&amp;quot;/properties/books/items/anyOf/0/properties/title&amp;quot;},&amp;quot;domain&amp;quot;:&amp;quot;syntax&amp;quot;,&amp;quot;message&amp;quot;:&amp;quot;the following keywords are unknown and will be ignored: [$id, examples]&amp;quot;,&amp;quot;ignored&amp;quot;:[&amp;quot;$id&amp;quot;,&amp;quot;examples&amp;quot;]},{&amp;quot;level&amp;quot;:&amp;quot;warning&amp;quot;,&amp;quot;schema&amp;quot;:{&amp;quot;loadingURI&amp;quot;:&amp;quot;#&amp;quot;,&amp;quot;pointer&amp;quot;:&amp;quot;/properties/books/items/anyOf/0/properties/website&amp;quot;},&amp;quot;domain&amp;quot;:&amp;quot;syntax&amp;quot;,&amp;quot;message&amp;quot;:&amp;quot;the following keywords are unknown and will be ignored: [$id, examples]&amp;quot;,&amp;quot;ignored&amp;quot;:[&amp;quot;$id&amp;quot;,&amp;quot;examples&amp;quot;]}]}
warning: the following keywords are unknown and will be ignored: [$id]
    level: &amp;quot;warning&amp;quot;
    schema: {&amp;quot;loadingURI&amp;quot;:&amp;quot;#&amp;quot;,&amp;quot;pointer&amp;quot;:&amp;quot;/properties/books/items&amp;quot;}
    domain: &amp;quot;syntax&amp;quot;
    ignored: [&amp;quot;$id&amp;quot;]
warning: the following keywords are unknown and will be ignored: [$id]
    level: &amp;quot;warning&amp;quot;
    schema: {&amp;quot;loadingURI&amp;quot;:&amp;quot;#&amp;quot;,&amp;quot;pointer&amp;quot;:&amp;quot;/properties/books/items/anyOf/0&amp;quot;}
    domain: &amp;quot;syntax&amp;quot;
    ignored: [&amp;quot;$id&amp;quot;]
warning: the following keywords are unknown and will be ignored: [$id, examples]
    level: &amp;quot;warning&amp;quot;
    schema: {&amp;quot;loadingURI&amp;quot;:&amp;quot;#&amp;quot;,&amp;quot;pointer&amp;quot;:&amp;quot;/properties/books/items/anyOf/0/properties/author&amp;quot;}
    domain: &amp;quot;syntax&amp;quot;
    ignored: [&amp;quot;$id&amp;quot;,&amp;quot;examples&amp;quot;]
warning: the following keywords are unknown and will be ignored: [$id, examples]
    level: &amp;quot;warning&amp;quot;
    schema: {&amp;quot;loadingURI&amp;quot;:&amp;quot;#&amp;quot;,&amp;quot;pointer&amp;quot;:&amp;quot;/properties/books/items/anyOf/0/properties/description&amp;quot;}
    domain: &amp;quot;syntax&amp;quot;
    ignored: [&amp;quot;$id&amp;quot;,&amp;quot;examples&amp;quot;]
warning: the following keywords are unknown and will be ignored: [$id, examples]
    level: &amp;quot;warning&amp;quot;
    schema: {&amp;quot;loadingURI&amp;quot;:&amp;quot;#&amp;quot;,&amp;quot;pointer&amp;quot;:&amp;quot;/properties/books/items/anyOf/0/properties/isbn&amp;quot;}
    domain: &amp;quot;syntax&amp;quot;
    ignored: [&amp;quot;$id&amp;quot;,&amp;quot;examples&amp;quot;]
warning: the following keywords are unknown and will be ignored: [$id, examples]
    level: &amp;quot;warning&amp;quot;
    schema: {&amp;quot;loadingURI&amp;quot;:&amp;quot;#&amp;quot;,&amp;quot;pointer&amp;quot;:&amp;quot;/properties/books/items/anyOf/0/properties/pages&amp;quot;}
    domain: &amp;quot;syntax&amp;quot;
    ignored: [&amp;quot;$id&amp;quot;,&amp;quot;examples&amp;quot;]
warning: the following keywords are unknown and will be ignored: [$id, examples]
    level: &amp;quot;warning&amp;quot;
    schema: {&amp;quot;loadingURI&amp;quot;:&amp;quot;#&amp;quot;,&amp;quot;pointer&amp;quot;:&amp;quot;/properties/books/items/anyOf/0/properties/publish_date&amp;quot;}
    domain: &amp;quot;syntax&amp;quot;
    ignored: [&amp;quot;$id&amp;quot;,&amp;quot;examples&amp;quot;]
warning: the following keywords are unknown and will be ignored: [$id, examples]
    level: &amp;quot;warning&amp;quot;
    schema: {&amp;quot;loadingURI&amp;quot;:&amp;quot;#&amp;quot;,&amp;quot;pointer&amp;quot;:&amp;quot;/properties/books/items/anyOf/0/properties/publisher&amp;quot;}
    domain: &amp;quot;syntax&amp;quot;
    ignored: [&amp;quot;$id&amp;quot;,&amp;quot;examples&amp;quot;]
warning: the following keywords are unknown and will be ignored: [$id, examples]
    level: &amp;quot;warning&amp;quot;
    schema: {&amp;quot;loadingURI&amp;quot;:&amp;quot;#&amp;quot;,&amp;quot;pointer&amp;quot;:&amp;quot;/properties/books/items/anyOf/0/properties/subTitle&amp;quot;}
    domain: &amp;quot;syntax&amp;quot;
    ignored: [&amp;quot;$id&amp;quot;,&amp;quot;examples&amp;quot;]
warning: the following keywords are unknown and will be ignored: [$id, examples]
    level: &amp;quot;warning&amp;quot;
    schema: {&amp;quot;loadingURI&amp;quot;:&amp;quot;#&amp;quot;,&amp;quot;pointer&amp;quot;:&amp;quot;/properties/books/items/anyOf/0/properties/title&amp;quot;}
    domain: &amp;quot;syntax&amp;quot;
    ignored: [&amp;quot;$id&amp;quot;,&amp;quot;examples&amp;quot;]
warning: the following keywords are unknown and will be ignored: [$id, examples]
    level: &amp;quot;warning&amp;quot;
    schema: {&amp;quot;loadingURI&amp;quot;:&amp;quot;#&amp;quot;,&amp;quot;pointer&amp;quot;:&amp;quot;/properties/books/items/anyOf/0/properties/website&amp;quot;}
    domain: &amp;quot;syntax&amp;quot;
    ignored: [&amp;quot;$id&amp;quot;,&amp;quot;examples&amp;quot;]
error: instance failed to match at least one required schema among 1
    level: &amp;quot;error&amp;quot;
    schema: {&amp;quot;loadingURI&amp;quot;:&amp;quot;#&amp;quot;,&amp;quot;pointer&amp;quot;:&amp;quot;/properties/books/items&amp;quot;}
    instance: {&amp;quot;pointer&amp;quot;:&amp;quot;/books/4&amp;quot;}
    domain: &amp;quot;validation&amp;quot;
    keyword: &amp;quot;anyOf&amp;quot;
    nrSchemas: 1
    reports: {&amp;quot;/properties/books/items/anyOf/0&amp;quot;:[{&amp;quot;level&amp;quot;:&amp;quot;warning&amp;quot;,&amp;quot;schema&amp;quot;:{&amp;quot;loadingURI&amp;quot;:&amp;quot;#&amp;quot;,&amp;quot;pointer&amp;quot;:&amp;quot;/properties/books/items/anyOf/0&amp;quot;},&amp;quot;domain&amp;quot;:&amp;quot;syntax&amp;quot;,&amp;quot;message&amp;quot;:&amp;quot;the following keywords are unknown and will be ignored: [$id]&amp;quot;,&amp;quot;ignored&amp;quot;:[&amp;quot;$id&amp;quot;]},{&amp;quot;level&amp;quot;:&amp;quot;warning&amp;quot;,&amp;quot;schema&amp;quot;:{&amp;quot;loadingURI&amp;quot;:&amp;quot;#&amp;quot;,&amp;quot;pointer&amp;quot;:&amp;quot;/properties/books/items/anyOf/0/properties/author&amp;quot;},&amp;quot;domain&amp;quot;:&amp;quot;syntax&amp;quot;,&amp;quot;message&amp;quot;:&amp;quot;the following keywords are unknown and will be ignored: [$id, examples]&amp;quot;,&amp;quot;ignored&amp;quot;:[&amp;quot;$id&amp;quot;,&amp;quot;examples&amp;quot;]},{&amp;quot;level&amp;quot;:&amp;quot;warning&amp;quot;,&amp;quot;schema&amp;quot;:{&amp;quot;loadingURI&amp;quot;:&amp;quot;#&amp;quot;,&amp;quot;pointer&amp;quot;:&amp;quot;/properties/books/items/anyOf/0/properties/description&amp;quot;},&amp;quot;domain&amp;quot;:&amp;quot;syntax&amp;quot;,&amp;quot;message&amp;quot;:&amp;quot;the following keywords are unknown and will be ignored: [$id, examples]&amp;quot;,&amp;quot;ignored&amp;quot;:[&amp;quot;$id&amp;quot;,&amp;quot;examples&amp;quot;]},{&amp;quot;level&amp;quot;:&amp;quot;warning&amp;quot;,&amp;quot;schema&amp;quot;:{&amp;quot;loadingURI&amp;quot;:&amp;quot;#&amp;quot;,&amp;quot;pointer&amp;quot;:&amp;quot;/properties/books/items/anyOf/0/properties/isbn&amp;quot;},&amp;quot;domain&amp;quot;:&amp;quot;syntax&amp;quot;,&amp;quot;message&amp;quot;:&amp;quot;the following keywords are unknown and will be ignored: [$id, examples]&amp;quot;,&amp;quot;ignored&amp;quot;:[&amp;quot;$id&amp;quot;,&amp;quot;examples&amp;quot;]},{&amp;quot;level&amp;quot;:&amp;quot;warning&amp;quot;,&amp;quot;schema&amp;quot;:{&amp;quot;loadingURI&amp;quot;:&amp;quot;#&amp;quot;,&amp;quot;pointer&amp;quot;:&amp;quot;/properties/books/items/anyOf/0/properties/pages&amp;quot;},&amp;quot;domain&amp;quot;:&amp;quot;syntax&amp;quot;,&amp;quot;message&amp;quot;:&amp;quot;the following keywords are unknown and will be ignored: [$id, examples]&amp;quot;,&amp;quot;ignored&amp;quot;:[&amp;quot;$id&amp;quot;,&amp;quot;examples&amp;quot;]},{&amp;quot;level&amp;quot;:&amp;quot;warning&amp;quot;,&amp;quot;schema&amp;quot;:{&amp;quot;loadingURI&amp;quot;:&amp;quot;#&amp;quot;,&amp;quot;pointer&amp;quot;:&amp;quot;/properties/books/items/anyOf/0/properties/publish_date&amp;quot;},&amp;quot;domain&amp;quot;:&amp;quot;syntax&amp;quot;,&amp;quot;message&amp;quot;:&amp;quot;the following keywords are unknown and will be ignored: [$id, examples]&amp;quot;,&amp;quot;ignored&amp;quot;:[&amp;quot;$id&amp;quot;,&amp;quot;examples&amp;quot;]},{&amp;quot;level&amp;quot;:&amp;quot;warning&amp;quot;,&amp;quot;schema&amp;quot;:{&amp;quot;loadingURI&amp;quot;:&amp;quot;#&amp;quot;,&amp;quot;pointer&amp;quot;:&amp;quot;/properties/books/items/anyOf/0/properties/publisher&amp;quot;},&amp;quot;domain&amp;quot;:&amp;quot;syntax&amp;quot;,&amp;quot;message&amp;quot;:&amp;quot;the following keywords are unknown and will be ignored: [$id, examples]&amp;quot;,&amp;quot;ignored&amp;quot;:[&amp;quot;$id&amp;quot;,&amp;quot;examples&amp;quot;]},{&amp;quot;level&amp;quot;:&amp;quot;warning&amp;quot;,&amp;quot;schema&amp;quot;:{&amp;quot;loadingURI&amp;quot;:&amp;quot;#&amp;quot;,&amp;quot;pointer&amp;quot;:&amp;quot;/properties/books/items/anyOf/0/properties/subTitle&amp;quot;},&amp;quot;domain&amp;quot;:&amp;quot;syntax&amp;quot;,&amp;quot;message&amp;quot;:&amp;quot;the following keywords are unknown and will be ignored: [$id, examples]&amp;quot;,&amp;quot;ignored&amp;quot;:[&amp;quot;$id&amp;quot;,&amp;quot;examples&amp;quot;]},{&amp;quot;level&amp;quot;:&amp;quot;warning&amp;quot;,&amp;quot;schema&amp;quot;:{&amp;quot;loadingURI&amp;quot;:&amp;quot;#&amp;quot;,&amp;quot;pointer&amp;quot;:&amp;quot;/properties/books/items/anyOf/0/properties/title&amp;quot;},&amp;quot;domain&amp;quot;:&amp;quot;syntax&amp;quot;,&amp;quot;message&amp;quot;:&amp;quot;the following keywords are unknown and will be ignored: [$id, examples]&amp;quot;,&amp;quot;ignored&amp;quot;:[&amp;quot;$id&amp;quot;,&amp;quot;examples&amp;quot;]},{&amp;quot;level&amp;quot;:&amp;quot;warning&amp;quot;,&amp;quot;schema&amp;quot;:{&amp;quot;loadingURI&amp;quot;:&amp;quot;#&amp;quot;,&amp;quot;pointer&amp;quot;:&amp;quot;/properties/books/items/anyOf/0/properties/website&amp;quot;},&amp;quot;domain&amp;quot;:&amp;quot;syntax&amp;quot;,&amp;quot;message&amp;quot;:&amp;quot;the following keywords are unknown and will be ignored: [$id, examples]&amp;quot;,&amp;quot;ignored&amp;quot;:[&amp;quot;$id&amp;quot;,&amp;quot;examples&amp;quot;]},{&amp;quot;level&amp;quot;:&amp;quot;warning&amp;quot;,&amp;quot;schema&amp;quot;:{&amp;quot;loadingURI&amp;quot;:&amp;quot;#&amp;quot;,&amp;quot;pointer&amp;quot;:&amp;quot;/properties/books/items/anyOf/0/properties/author&amp;quot;},&amp;quot;domain&amp;quot;:&amp;quot;syntax&amp;quot;,&amp;quot;message&amp;quot;:&amp;quot;the following keywords are unknown and will be ignored: [$id, examples]&amp;quot;,&amp;quot;ignored&amp;quot;:[&amp;quot;$id&amp;quot;,&amp;quot;examples&amp;quot;]},{&amp;quot;level&amp;quot;:&amp;quot;warning&amp;quot;,&amp;quot;schema&amp;quot;:{&amp;quot;loadingURI&amp;quot;:&amp;quot;#&amp;quot;,&amp;quot;pointer&amp;quot;:&amp;quot;/properties/books/items/anyOf/0/properties/description&amp;quot;},&amp;quot;domain&amp;quot;:&amp;quot;syntax&amp;quot;,&amp;quot;message&amp;quot;:&amp;quot;the following keywords are unknown and will be ignored: [$id, examples]&amp;quot;,&amp;quot;ignored&amp;quot;:[&amp;quot;$id&amp;quot;,&amp;quot;examples&amp;quot;]},{&amp;quot;level&amp;quot;:&amp;quot;warning&amp;quot;,&amp;quot;schema&amp;quot;:{&amp;quot;loadingURI&amp;quot;:&amp;quot;#&amp;quot;,&amp;quot;pointer&amp;quot;:&amp;quot;/properties/books/items/anyOf/0/properties/isbn&amp;quot;},&amp;quot;domain&amp;quot;:&amp;quot;syntax&amp;quot;,&amp;quot;message&amp;quot;:&amp;quot;the following keywords are unknown and will be ignored: [$id, examples]&amp;quot;,&amp;quot;ignored&amp;quot;:[&amp;quot;$id&amp;quot;,&amp;quot;examples&amp;quot;]},{&amp;quot;level&amp;quot;:&amp;quot;warning&amp;quot;,&amp;quot;schema&amp;quot;:{&amp;quot;loadingURI&amp;quot;:&amp;quo
[...]
RI":"#","pointer":"/properties/books/items/anyOf/0/properties/author"},"domain":"syntax","message":"the following keywords are unknown and will be ignored: [$id, examples]","ignored":["$id","examples"]},{"level":"warning","schema":{"loadingURI":"#","pointer":"/properties/books/items/anyOf/0/properties/description"},"domain":"syntax","message":"the following keywords are unknown and will be ignored: [$id, examples]","ignored":["$id","examples"]},{"level":"warning","schema":{"loadingURI":"#","pointer":"/properties/books/items/anyOf/0/properties/isbn"},"domain":"syntax","message":"the following keywords are unknown and will be ignored: [$id, examples]","ignored":["$id","examples"]},{"level":"warning","schema":{"loadingURI":"#","pointer":"/properties/books/items/anyOf/0/properties/pages"},"domain":"syntax","message":"the following keywords are unknown and will be ignored: [$id, examples]","ignored":["$id","examples"]},{"level":"error","schema":{"loadingURI":"#","pointer":"/properties/books/items/anyOf/0/properties/pages"},"instance":{"pointer":"/books/6/pages"},"domain":"validation","keyword":"type","message":"instance type (integer) does not match any allowed primitive type (allowed: [\"string\"])","found":"integer","expected":["string"]},{"level":"warning","schema":{"loadingURI":"#","pointer":"/properties/books/items/anyOf/0/properties/publish_date"},"domain":"syntax","message":"the following keywords are unknown and will be ignored: [$id, examples]","ignored":["$id","examples"]},{"level":"warning","schema":{"loadingURI":"#","pointer":"/properties/books/items/anyOf/0/properties/publisher"},"domain":"syntax","message":"the following keywords are unknown and will be ignored: [$id, examples]","ignored":["$id","examples"]},{"level":"warning","schema":{"loadingURI":"#","pointer":"/properties/books/items/anyOf/0/properties/subTitle"},"domain":"syntax","message":"the following keywords are unknown and will be ignored: [$id, examples]","ignored":["$id","examples"]},{"level":"warning","schema":{"loadingURI":"#","pointer":"/properties/books/items/anyOf/0/properties/title"},"domain":"syntax","message":"the following keywords are unknown and will be ignored: [$id, examples]","ignored":["$id","examples"]},{"level":"warning","schema":{"loadingURI":"#","pointer":"/properties/books/items/anyOf/0/properties/website"},"domain":"syntax","message":"the following keywords are unknown and will be ignored: [$id, examples]","ignored":["$id","examples"]}]}
warning: the following keywords are unknown and will be ignored: [$id]
    level: "warning"
    schema: {"loadingURI":"#","pointer":"/properties/books/items"}
    domain: "syntax"
    ignored: ["$id"]
warning: the following keywords are unknown and will be ignored: [$id]
    level: "warning"
    schema: {"loadingURI":"#","pointer":"/properties/books/items/anyOf/0"}
    domain: "syntax"
    ignored: ["$id"]
warning: the following keywords are unknown and will be ignored: [$id, examples]
    level: "warning"
    schema: {"loadingURI":"#","pointer":"/properties/books/items/anyOf/0/properties/author"}
    domain: "syntax"
    ignored: ["$id","examples"]
warning: the following keywords are unknown and will be ignored: [$id, examples]
    level: "warning"
    schema: {"loadingURI":"#","pointer":"/properties/books/items/anyOf/0/properties/description"}
    domain: "syntax"
    ignored: ["$id","examples"]
warning: the following keywords are unknown and will be ignored: [$id, examples]
    level: "warning"
    schema: {"loadingURI":"#","pointer":"/properties/books/items/anyOf/0/properties/isbn"}
    domain: "syntax"
    ignored: ["$id","examples"]
warning: the following keywords are unknown and will be ignored: [$id, examples]
    level: "warning"
    schema: {"loadingURI":"#","pointer":"/properties/books/items/anyOf/0/properties/pages"}
    domain: "syntax"
    ignored: ["$id","examples"]
warning: the following keywords are unknown and will be ignored: [$id, examples]
    level: "warning"
    schema: {"loadingURI":"#","pointer":"/properties/books/items/anyOf/0/properties/publish_date"}
    domain: "syntax"
    ignored: ["$id","examples"]
warning: the following keywords are unknown and will be ignored: [$id, examples]
    level: "warning"
    schema: {"loadingURI":"#","pointer":"/properties/books/items/anyOf/0/properties/publisher"}
    domain: "syntax"
    ignored: ["$id","examples"]
warning: the following keywords are unknown and will be ignored: [$id, examples]
    level: "warning"
    schema: {"loadingURI":"#","pointer":"/properties/books/items/anyOf/0/properties/subTitle"}
    domain: "syntax"
    ignored: ["$id","examples"]
warning: the following keywords are unknown and will be ignored: [$id, examples]
    level: "warning"
    schema: {"loadingURI":"#","pointer":"/properties/books/items/anyOf/0/properties/title"}
    domain: "syntax"
    ignored: ["$id","examples"]
warning: the following keywords are unknown and will be ignored: [$id, examples]
    level: "warning"
    schema: {"loadingURI":"#","pointer":"/properties/books/items/anyOf/0/properties/website"}
    domain: "syntax"
    ignored: ["$id","examples"]
error: instance failed to match at least one required schema among 1
    level: "error"
    schema: {"loadingURI":"#","pointer":"/properties/books/items"}
    instance: {"pointer":"/books/7"}
    domain: "validation"
    keyword: "anyOf"
    nrSchemas: 1
    reports: {"/properties/books/items/anyOf/0":[{"level":"warning","schema":{"loadingURI":"#","pointer":"/properties/books/items/anyOf/0"},"domain":"syntax","message":"the following keywords are unknown and will be ignored: [$id]","ignored":["$id"]},{"level":"warning","schema":{"loadingURI":"#","pointer":"/properties/books/items/anyOf/0/properties/author"},"domain":"syntax","message":"the following keywords are unknown and will be ignored: [$id, examples]","ignored":["$id","examples"]},{"level":"warning","schema":{"loadingURI":"#","pointer":"/properties/books/items/anyOf/0/properties/description"},"domain":"syntax","message":"the following keywords are unknown and will be ignored: [$id, examples]","ignored":["$id","examples"]},{"level":"warning","schema":{"loadingURI":"#","pointer":"/properties/books/items/anyOf/0/properties/isbn"},"domain":"syntax","message":"the following keywords are unknown and will be ignored: [$id, examples]","ignored":["$id","examples"]},{"level":"warning","schema":{"loadingURI":"#","pointer":"/properties/books/items/anyOf/0/properties/pages"},"domain":"syntax","message":"the following keywords are unknown and will be ignored: [$id, examples]","ignored":["$id","examples"]},{"level":"warning","schema":{"loadingURI":"#","pointer":"/properties/books/items/anyOf/0/properties/publish_date"},"domain":"syntax","message":"the following keywords are unknown and will be ignored: [$id, examples]","ignored":["$id","examples"]},{"level":"warning","schema":{"loadingURI":"#","pointer":"/properties/books/items/anyOf/0/properties/publisher"},"domain":"syntax","message":"the following keywords are unknown and will be ignored: [$id, examples]","ignored":["$id","examples"]},{"level":"warning","schema":{"loadingURI":"#","pointer":"/properties/books/items/anyOf/0/properties/subTitle"},"domain":"syntax","message":"the following keywords are unknown and will be ignored: [$id, examples]","ignored":["$id","examples"]},{"level":"warning","schema":{"loadingURI":"#","pointer":"/properties/books/items/anyOf/0/properties/title"},"domain":"syntax","message":"the following keywords are unknown and will be ignored: [$id, examples]","ignored":["$id","examples"]},{"level":"warning","schema":{"loadingURI":"#","pointer":"/properties/books/items/anyOf/0/properties/website"},"domain":"syntax","message":"the following keywords are unknown and will be ignored: [$id, examples]","ignored":["$id","examples"]},{"level":"warning","schema":{"loadingURI":"#","pointer":"/properties/books/items/anyOf/0/properties/author"},"domain":"syntax","message":"the following keywords are unknown and will be ignored: [$id, examples]","ignored":["$id","examples"]},{"level":"warning","schema":{"loadingURI":"#","pointer":"/properties/books/items/anyOf/0/properties/description"},"domain":"syntax","message":"the following keywords are unknown and will be ignored: [$id, examples]","ignored":["$id","examples"]},{"level":"warning","schema":{"loadingURI":"#","pointer":"/properties/books/items/anyOf/0/properties/isbn"},"domain":"syntax","message":"the following keywords are unknown and will be ignored: [$id, examples]","ignored":["$id","examples"]},{"level":"warning","schema":{"loadingURI":"#","pointer":"/properties/books/items/anyOf/0/properties/pages"},"domain":"syntax","message":"the following keywords are unknown and will be ignored: [$id, examples]","ignored":["$id","examples"]},{"level":"error","schema":{"loadingURI":"#","pointer":"/properties/books/items/anyOf/0/properties/pages"},"instance":{"pointer":"/books/7/pages"},"domain":"validation","keyword":"type","message":"instance type (integer) does not match any allowed primitive type (allowed: [\"string\"])","found":"integer","expected":["string"]},{"level":"warning","schema":{"loadingURI":"#","pointer":"/properties/books/items/anyOf/0/properties/publish_date"},"domain":"syntax","message":"the following keywords are unknown and will be ignored: [$id, examples]","ignored":["$id","examples"]},{"level":"warning","schema":{"loadingURI":"#","pointer":"/properties/books/items/anyOf/0/properties/publisher"},"domain":"syntax","message":"the following keywords are unknown and will be ignored: [$id, examples]","ignored":["$id","examples"]},{"level":"warning","schema":{"loadingURI":"#","pointer":"/properties/books/items/anyOf/0/properties/subTitle"},"domain":"syntax","message":"the following keywords are unknown and will be ignored: [$id, examples]","ignored":["$id","examples"]},{"level":"warning","schema":{"loadingURI":"#","pointer":"/properties/books/items/anyOf/0/properties/title"},"domain":"syntax","message":"the following keywords are unknown and will be ignored: [$id, examples]","ignored":["$id","examples"]},{"level":"warning","schema":{"loadingURI":"#","pointer":"/properties/books/items/anyOf/0/properties/website"},"domain":"syntax","message":"the following keywords are unknown and will be ignored: [$id, examples]","ignored":["$id","examples"]}]}

  Actual: {"books":[{"isbn":"9781449325862","title":"Git Pocket Guide","subTitle":"A Working Introduction","author":"Richard E. Silverman","publish_date":"2020-06-04T08:48:39.000Z","publisher":"O'Reilly Media","pages":234,"description":"This pocket guide is the perfect on-the-job companion to Git, the distributed version control system. It provides a compact, readable introduction to Git for new users, as well as a reference to common commands and procedures for those of you with Git exp","website":"http://chimera.labs.oreilly.com/books/1230000000561/index.html"},{"isbn":"9781449331818","title":"Learning JavaScript Design Patterns","subTitle":"A JavaScript and jQuery Developer's Guide","author":"Addy Osmani","publish_date":"2020-06-04T09:11:40.000Z","publisher":"O'Reilly Media","pages":254,"description":"With Learning JavaScript Design Patterns, you'll learn how to write beautiful, structured, and maintainable JavaScript by applying classical and modern design patterns to the language. If you want to keep your code efficient, more manageable, and up-to-da","website":"http://www.addyosmani.com/resources/essentialjsdesignpatterns/book/"},{"isbn":"9781449337711","title":"Designing Evolvable Web APIs with ASP.NET","subTitle":"Harnessing the Power of the Web","author":"Glenn Block et al.","publish_date":"2020-06-04T09:12:43.000Z","publisher":"O'Reilly Media","pages":238,"description":"Design and build Web APIs for a broad range of clients—including browsers and mobile devices—that can adapt to change over time. This practical, hands-on guide takes you through the theory and tools you need to build evolvable HTTP services with Microsoft","website":"http://chimera.labs.oreilly.com/books/1234000001708/index.html"},{"isbn":"9781449365035","title":"Speaking JavaScript","subTitle":"An In-Depth Guide for Programmers","author":"Axel Rauschmayer","publish_date":"2014-02-01T00:00:00.000Z","publisher":"O'Reilly Media","pages":460,"description":"Like it or not, JavaScript is everywhere these days-from browser to server to mobile-and now you, too, need to learn the language or dive deeper than you have. This concise book guides you into and through JavaScript, written by a veteran programmer who o","website":"http://speakingjs.com/"},{"isbn":"9781491904244","title":"You Don't Know JS","subTitle":"ES6 & Beyond","author":"Kyle Simpson","publish_date":"2015-12-27T00:00:00.000Z","publisher":"O'Reilly Media","pages":278,"description":"No matter how much experience you have with JavaScript, odds are you don’t fully understand the language. As part of the \\\"You Don’t Know JS\\\" series, this compact guide focuses on new features available in ECMAScript 6 (ES6), the latest version of the st","website":"https://github.com/getify/You-Dont-Know-JS/tree/master/es6%20&%20beyond"},{"isbn":"9781491950296","title":"Programming JavaScript Applications","subTitle":"Robust Web Architecture with Node, HTML5, and Modern JS Libraries","author":"Eric Elliott","publish_date":"2014-07-01T00:00:00.000Z","publisher":"O'Reilly Media","pages":254,"description":"Take advantage of JavaScript's power to build robust web-scale or enterprise applications that are easy to extend and maintain. By applying the design patterns outlined in this practical book, experienced JavaScript developers will learn how to write flex","website":"http://chimera.labs.oreilly.com/books/1234000000262/index.html"},{"isbn":"9781593275846","title":"Eloquent JavaScript, Second Edition","subTitle":"A Modern Introduction to Programming","author":"Marijn Haverbeke","publish_date":"2014-12-14T00:00:00.000Z","publisher":"No Starch Press","pages":472,"description":"JavaScript lies at the heart of almost every modern web application, from social apps to the newest browser-based games. Though simple for beginners to pick up and play with, JavaScript is a flexible, complex language that you can use to build full-scale ","website":"http://eloquentjavascript.net/"},{"isbn":"9781593277574","title":"Understanding ECMAScript 6","subTitle":"The Definitive Guide for JavaScript Developers","author":"Nicholas C. Zakas","publish_date":"2016-09-03T00:00:00.000Z","publisher":"No Starch Press","pages":352,"description":"ECMAScript 6 represents the biggest update to the core of JavaScript in the history of the language. In Understanding ECMAScript 6, expert developer Nicholas C. Zakas provides a complete guide to the object types, syntax, and other exciting changes that E","website":"https://leanpub.com/understandinges6/read"}]}

at sun.reflect.NativeConstructorAccessorImpl.newInstance0(Native Method)
at sun.reflect.NativeConstructorAccessorImpl.newInstance(Unknown Source)
at sun.reflect.DelegatingConstructorAccessorImpl.newInstance(Unknown Source)
at java.lang.reflect.Constructor.newInstance(Unknown Source)
at org.codehaus.groovy.reflection.CachedConstructor.invoke(CachedConstructor.java:80)
at org.codehaus.groovy.reflection.CachedConstructor.doConstructorInvoke(CachedConstructor.java:74)
at org.codehaus.groovy.runtime.callsite.ConstructorSite$ConstructorSiteNoUnwrap.callConstructor(ConstructorSite.java:84)
at org.codehaus.groovy.runtime.callsite.CallSiteArray.defaultCallConstructor(CallSiteArray.java:59)
at org.codehaus.groovy.runtime.callsite.AbstractCallSite.callConstructor(AbstractCallSite.java:237)
at org.codehaus.groovy.runtime.callsite.AbstractCallSite.callConstructor(AbstractCallSite.java:249)
at io.restassured.internal.ResponseSpecificationImpl$HamcrestAssertionClosure.validate(ResponseSpecificationImpl.groovy:493)
at io.restassured.internal.ResponseSpecificationImpl$HamcrestAssertionClosure$validate$1.call(Unknown Source)
at io.restassured.internal.ResponseSpecificationImpl.validateResponseIfRequired(ResponseSpecificationImpl.groovy:674)
at sun.reflect.NativeMethodAccessorImpl.invoke0(Native Method)
at sun.reflect.NativeMethodAccessorImpl.invoke(Unknown Source)
at sun.reflect.DelegatingMethodAccessorImpl.invoke(Unknown Source)
at java.lang.reflect.Method.invoke(Unknown Source)
at org.codehaus.groovy.runtime.callsite.PlainObjectMetaMethodSite.doInvoke(PlainObjectMetaMethodSite.java:43)
at org.codehaus.groovy.runtime.callsite.PogoMetaMethodSite$PogoCachedMethodSiteNoUnwrapNoCoerce.invoke(PogoMetaMethodSite.java:190)
at org.codehaus.groovy.runtime.callsite.PogoMetaMethodSite.callCurrent(PogoMetaMethodSite.java:58)
at org.codehaus.groovy.runtime.callsite.CallSiteArray.defaultCallCurrent(CallSiteArray.java:51)
at org.codehaus.groovy.runtime.callsite.AbstractCallSite.callCurrent(AbstractCallSite.java:156)
at org.codehaus.groovy.runtime.callsite.AbstractCallSite.callCurrent(AbstractCallSite.java:168)
at io.restassured.internal.ResponseSpecificationImpl.body(ResponseSpecificationImpl.groovy:98)
at io.restassured.internal.ValidatableResponseOptionsImpl.body(ValidatableResponseOptionsImpl.java:238)
at io.restassured.internal.ValidatableResponseImpl.super$2$body(ValidatableResponseImpl.groovy)
at sun.reflect.NativeMethodAccessorImpl.invoke0(Native Method)
at sun.reflect.NativeMethodAccessorImpl.invoke(Unknown Source)
at sun.reflect.DelegatingMethodAccessorImpl.invoke(Unknown Source)
at java.lang.reflect.Method.invoke(Unknown Source)
at org.codehaus.groovy.reflection.CachedMethod.invoke(CachedMethod.java:101)
at groovy.lang.MetaMethod.doMethodInvoke(MetaMethod.java:323)
at groovy.lang.MetaClassImpl.invokeMethod(MetaClassImpl.java:1217)
at org.codehaus.groovy.runtime.ScriptBytecodeAdapter.invokeMethodOnSuperN(ScriptBytecodeAdapter.java:144)
at io.restassured.internal.ValidatableResponseImpl.body(ValidatableResponseImpl.groovy:293)
at io.restassured.internal.ValidatableResponseImpl.body(ValidatableResponseImpl.groovy)
at APIAutomation.APIAutomation.getResponseBody(APIAutomation.java:25)
at SmallCaseTest.APITest.APITest(APITest.java:37)
at sun.reflect.NativeMethodAccessorImpl.invoke0(Native Method)
at sun.reflect.NativeMethodAccessorImpl.invoke(Unknown Source)
at sun.reflect.DelegatingMethodAccessorImpl.invoke(Unknown Source)
at java.lang.reflect.Method.invoke(Unknown Source)
at org.testng.internal.MethodInvocationHelper.invokeMethod(MethodInvocationHelper.java:132)
at org.testng.internal.TestInvoker.invokeMethod(TestInvoker.java:599)
at org.testng.internal.TestInvoker.invokeTestMethod(TestInvoker.java:174)
at org.testng.internal.MethodRunner.runInSequence(MethodRunner.java:46)
at org.testng.internal.TestInvoker$MethodInvocationAgent.invoke(TestInvoker.java:822)
at org.testng.internal.TestInvoker.invokeTestMethods(TestInvoker.java:147)
at org.testng.internal.TestMethodWorker.invokeTestMethods(TestMethodWorker.java:146)
at org.testng.internal.TestMethodWorker.run(TestMethodWorker.java:128)
at java.util.ArrayList.forEach(Unknown Source)
at org.testng.TestRunner.privateRun(TestRunner.java:764)
at org.testng.TestRunner.run(TestRunner.java:585)
at org.testng.SuiteRunner.runTest(SuiteRunner.java:384)
at org.testng.SuiteRunner.runSequentially(SuiteRunner.java:378)
at org.testng.SuiteRunner.privateRun(SuiteRunner.java:337)
at org.testng.SuiteRunner.run(SuiteRunner.java:286)
at org.testng.SuiteRunnerWorker.runSuite(SuiteRunnerWorker.java:53)
at org.testng.SuiteRunnerWorker.run(SuiteRunnerWorker.java:96)
at org.testng.TestNG.runSuitesSequentially(TestNG.java:1218)
at org.testng.TestNG.runSuitesLocally(TestNG.java:1140)
at org.testng.TestNG.runSuites(TestNG.java:1069)
at org.testng.TestNG.run(TestNG.java:1037)
at org.testng.remote.AbstractRemoteTestNG.run(AbstractRemoteTestNG.java:115)
at org.testng.remote.RemoteTestNG.initAndRun(RemoteTestNG.java:251)
at org.testng.remote.RemoteTestNG.main(RemoteTestNG.java:77)
]]>
    </failure>
  </testcase> <!-- APITest -->
</testsuite> <!-- Default test -->
